[2026-02-05T02:31:41.859+0000] {taskinstance.py:1083} INFO - Dependencies all met for <TaskInstance: iris_classification_pipeline.train_model manual__2026-02-05T02:31:36.018217+00:00 [queued]>
[2026-02-05T02:31:41.870+0000] {taskinstance.py:1083} INFO - Dependencies all met for <TaskInstance: iris_classification_pipeline.train_model manual__2026-02-05T02:31:36.018217+00:00 [queued]>
[2026-02-05T02:31:41.883+0000] {taskinstance.py:1279} INFO - 
--------------------------------------------------------------------------------
[2026-02-05T02:31:41.894+0000] {taskinstance.py:1280} INFO - Starting attempt 1 of 2
[2026-02-05T02:31:41.905+0000] {taskinstance.py:1281} INFO - 
--------------------------------------------------------------------------------
[2026-02-05T02:31:41.930+0000] {taskinstance.py:1300} INFO - Executing <Task(PythonOperator): train_model> on 2026-02-05 02:31:36.018217+00:00
[2026-02-05T02:31:41.937+0000] {standard_task_runner.py:55} INFO - Started process 964 to run task
[2026-02-05T02:31:41.939+0000] {standard_task_runner.py:82} INFO - Running: ['***', 'tasks', 'run', 'iris_classification_pipeline', 'train_model', 'manual__2026-02-05T02:31:36.018217+00:00', '--job-id', '5', '--raw', '--subdir', 'DAGS_FOLDER/iris_classification_dag.py', '--cfg-path', '/tmp/tmpgyqfr2g9']
[2026-02-05T02:31:41.942+0000] {standard_task_runner.py:83} INFO - Job 5: Subtask train_model
[2026-02-05T02:31:41.987+0000] {task_command.py:388} INFO - Running <TaskInstance: iris_classification_pipeline.train_model manual__2026-02-05T02:31:36.018217+00:00 [running]> on host e9b3d1e4c219
[2026-02-05T02:31:42.035+0000] {taskinstance.py:1509} INFO - Exporting the following env vars:
AIRFLOW_CTX_DAG_OWNER=data_scientist
AIRFLOW_CTX_DAG_ID=iris_classification_pipeline
AIRFLOW_CTX_TASK_ID=train_model
AIRFLOW_CTX_EXECUTION_DATE=2026-02-05T02:31:36.018217+00:00
AIRFLOW_CTX_TRY_NUMBER=1
AIRFLOW_CTX_DAG_RUN_ID=manual__2026-02-05T02:31:36.018217+00:00
[2026-02-05T02:31:42.036+0000] {logging_mixin.py:137} INFO - Training Random Forest model...
[2026-02-05T02:31:42.156+0000] {logging_mixin.py:137} INFO - Model trained with 100 trees
[2026-02-05T02:31:42.171+0000] {logging_mixin.py:137} INFO - Model saved to /opt/***/models/iris_rf_model.pkl
[2026-02-05T02:31:42.173+0000] {python.py:177} INFO - Done. Returned value was: b'\x80\x03}q\x00(X\n\x00\x00\x00model_pathq\x01X%\x00\x00\x00/opt/airflow/models/iris_rf_model.pklq\x02X\x06\x00\x00\x00X_testq\x03cnumpy.core.multiarray\n_reconstruct\nq\x04cnumpy\nndarray\nq\x05K\x00\x85q\x06C\x01bq\x07\x87q\x08Rq\t(K\x01K\x1eK\x04\x86q\ncnumpy\ndtype\nq\x0bX\x02\x00\x00\x00f8q\x0c\x89\x88\x87q\rRq\x0e(K\x03X\x01\x00\x00\x00<q\x0fNNNJ\xff\xff\xff\xffJ\xff\xff\xff\xffK\x00tq\x10b\x89B\xc0\x03\x00\x00z\xab\xca\xa0\x8a\x8b\xfb\xbf\xb4y\x7f5\xd4\xb3\xbb\xbf(S\x0c\xde\xa7p\xf6\xbff\x90G\x04#,\xf5\xbf\xfeFG\xbaH\xbe\xd3?\xb4y\x7f5\xd4\xb3\xbb\xbf\xf6\x9c\x86c>\x88\xe4?\xf2\xf4\x88\x97\xdf\x11\xe9?\xe0\xc2\xfa\x90\xeb\xfd\xf1\xbf\xce\x97\xe27\x859\xf7\xbf\x1e\x90\x0eUs\x14\xd1\xbf\xda+\x06qfF\xd1\xbf*a\x04\xc1\xcb\x14\xf0\xbf\x82\xb2\xf95\x91\xce\xfa\xbf\x1e\x90\x0eUs\x14\xd1\xbf\xda+\x06qfF\xd1\xbfz\xab\xca\xa0\x8a\x8b\xfb\xbf2\xf7X\xe3j\xbb\xd5?(S\x0c\xde\xa7p\xf6\xbff\x90G\x04#,\xf5\xbfb*\xfd\x9c\xa3\x83\xe1?\xf8\xb0\xdam\xcd\x07\xe2?U\xe0\xc4a\xef\xe5\xe0?;\xf2\x85\xe3\x9a\xa4\xe0?\r\xe8\xdd\x00K\xb9\xf7\xbf\x98\xa82\xb1\n\xc3\xf3?\xa1\xa0]\x1fc*\xf9\xbff\x90G\x04#,\xf5\xbf\x8e\xb4U\x02\x99\xe0\xe0\xbf`\xe6\x08j\xe51\xe9?\x89\x96J\xdcX\xce\xf2\xbff\x90G\x04#,\xf5\xbfE\xb1\xd6\xdc"(\xe9?\xb4y\x7f5\xd4\xb3\xbb\xbf\xe67)\xe6\xb4\xfb\xe9?\xd4\xfb\xc5%\x92\xbf\xf0?\x8e\xb4U\x02\x99\xe0\xe0\xbf\xb4y\x7f5\xd4\xb3\xbb\xbfhG\x06\xc0@\x87\xda?\xbc\xe1\x08\x13\xf1\xdb\xd8?df\x1e\xee\x0f\xdd\xfb?=I\xbc\x05%A\xd5\xbf\xabb\xe9\xb73\xfc\xf6?\xf2\xf4\x88\x97\xdf\x11\xe9?\x86\xdfD\xae\x908\xf4?\x8a1\xf2\xab\xeb\x9c\xbd?\x93YHe\x8d*\xe8?\xdd=\xc8\xac\x85\x11\xf7?E\xb1\xd6\xdc"(\xe9?\xb4y\x7f5\xd4\xb3\xbb\xbf\xe36\xb7\xf5Pq\xf2?1}\xc7\x7f4\xf6\xf4?\xd8\xed\xe9<\xe3U\xe5?2\xf7X\xe3j\xbb\xd5?hG\x06\xc0@\x87\xda?\xbc\xe1\x08\x13\xf1\xdb\xd8?*a\x04\xc1\xcb\x14\xf0\xbf`\xe6\x08j\xe51\xe9?\xd8t+]\x80\x9f\xf4\xbff\x90G\x04#,\xf5\xbf*a\x04\xc1\xcb\x14\xf0\xbf\xf8\xb0\xdam\xcd\x07\xe2?\x01\xe4\x9b\x1d\x14\x88\xf5\xbff\x90G\x04#,\xf5\xbf\x10m**\xa8y\xa9\xbf\xb1\x89\xc7T\x9d\x0b\x01@Q\xc2|\x9e;Y\xf7\xbff\x90G\x04#,\xf5\xbfh[\xf8\x843x\xd2\xbf\x1a}\xcb9y\xa4\xf3\xbf\x95n\xef\xd5\x9a\xe5\xb2?BR\x06zC\xb2\xc1\xbf\xfeFG\xbaH\xbe\xd3?=I\xbc\x05%A\xd5\xbfU\xe0\xc4a\xef\xe5\xe0?\x02\xdf\x05_\xacn\xd0?H\x80\xdb\xf4\x923\xc8?\xb4y\x7f5\xd4\xb3\xbb\xbf\xa4\xbe\xa5\xe2\x16\xb7\xe2?\xf2\xf4\x88\x97\xdf\x11\xe9?\x8e\xb4U\x02\x99\xe0\xe0\xbfL\xc3I\xaf\x16X\xf7?\xd8t+]\x80\x9f\xf4\xbff\x90G\x04#,\xf5\xbf\x14\x1cX\x0eQf\xf0?\x8a1\xf2\xab\xeb\x9c\xbd?\x92X\xd6t)\xa0\xf0?\x8b\xfe\xc8\xd9\xd6,\xf9?\xb2t\xc3|b\xfa\xec?=I\xbc\x05%A\xd5\xbf\x05\x04\xc8\xc1\x8f)\xde?\x9b\xb8\x05V\xcf\x02\xc0?\xfeFG\xbaH\xbe\xd3?fb\xb4;m\x0f\xf0\xbf\x92X\xd6t)\xa0\xf0?\x02\xdf\x05_\xacn\xd0?\xd8\xed\xe9<\xe3U\xe5?\x06Z\x0c\x7f\xaa\xca\xe1\xbf\x92X\xd6t)\xa0\xf0?1}\xc7\x7f4\xf6\xf4?\x14\x1cX\x0eQf\xf0?\xb4y\x7f5\xd4\xb3\xbb\xbfE{g\xe4eY\xe6?\x95s\x87==\xdb\xe4?\xb2t\xc3|b\xfa\xec?\xb4y\x7f5\xd4\xb3\xbb\xbf\xcb\x8aD\xbe\xf1\xe4\xd6?\x02\xdf\x05_\xacn\xd0?\xf7\xa8=\x8ah\xa7\xc5\xbf\xfb\xdd`\xad"\xed\xfa?\x89\x96J\xdcX\xce\xf2\xbf\xb8\xcfF\xd7\xd1\x10\xf3\xbfE\xb1\xd6\xdc"(\xe9?\xb4y\x7f5\xd4\xb3\xbb\xbf\xd6\xd2\xcbh+o\xef?\xf2\xf4\x88\x97\xdf\x11\xe9?q;/B\x18\x85\xe8\xbf`\xe6\x08j\xe51\xe9?\x01\xe4\x9b\x1d\x14\x88\xf5\xbff\x90G\x04#,\xf5\xbfq\x11tq\x12bX\x06\x00\x00\x00y_testq\x13h\x04h\x05K\x00\x85q\x14h\x07\x87q\x15Rq\x16(K\x01K\x1e\x85q\x17h\x0bX\x02\x00\x00\x00i8q\x18\x89\x88\x87q\x19Rq\x1a(K\x03h\x0fNNNJ\xff\xff\xff\xffJ\xff\xff\xff\xffK\x00tq\x1bb\x89C\xf0\x00\x00\x00\x00\x00\x00\x00\x00\x02\x00\x00\x00\x00\x00\x00\x00\x01\x00\x00\x00\x00\x00\x00\x00\x01\x00\x00\x00\x00\x00\x00\x00\x00\x00\x00\x00\x00\x00\x00\x00\x01\x00\x00\x00\x00\x00\x00\x00\x00\x00\x00\x00\x00\x00\x00\x00\x00\x00\x00\x00\x00\x00\x00\x00\x02\x00\x00\x00\x00\x00\x00\x00\x01\x00\x00\x00\x00\x00\x00\x00\x02\x00\x00\x00\x00\x00\x00\x00\x02\x00\x00\x00\x00\x00\x00\x00\x02\x00\x00\x00\x00\x00\x00\x00\x01\x00\x00\x00\x00\x00\x00\x00\x00\x00\x00\x00\x00\x00\x00\x00\x00\x00\x00\x00\x00\x00\x00\x00\x00\x00\x00\x00\x00\x00\x00\x00\x01\x00\x00\x00\x00\x00\x00\x00\x01\x00\x00\x00\x00\x00\x00\x00\x02\x00\x00\x00\x00\x00\x00\x00\x00\x00\x00\x00\x00\x00\x00\x00\x02\x00\x00\x00\x00\x00\x00\x00\x01\x00\x00\x00\x00\x00\x00\x00\x02\x00\x00\x00\x00\x00\x00\x00\x02\x00\x00\x00\x00\x00\x00\x00\x01\x00\x00\x00\x00\x00\x00\x00\x01\x00\x00\x00\x00\x00\x00\x00\x00\x00\x00\x00\x00\x00\x00\x00\x02\x00\x00\x00\x00\x00\x00\x00\x00\x00\x00\x00\x00\x00\x00\x00q\x1ctq\x1dbX\x0c\x00\x00\x00target_namesq\x1eh\x04h\x05K\x00\x85q\x1fh\x07\x87q Rq!(K\x01K\x03\x85q"h\x0bX\x03\x00\x00\x00U10q#\x89\x88\x87q$Rq%(K\x03h\x0fNNNK(K\x04K\x08tq&b\x89Cxs\x00\x00\x00e\x00\x00\x00t\x00\x00\x00o\x00\x00\x00s\x00\x00\x00a\x00\x00\x00\x00\x00\x00\x00\x00\x00\x00\x00\x00\x00\x00\x00\x00\x00\x00\x00v\x00\x00\x00e\x00\x00\x00r\x00\x00\x00s\x00\x00\x00i\x00\x00\x00c\x00\x00\x00o\x00\x00\x00l\x00\x00\x00o\x00\x00\x00r\x00\x00\x00v\x00\x00\x00i\x00\x00\x00r\x00\x00\x00g\x00\x00\x00i\x00\x00\x00n\x00\x00\x00i\x00\x00\x00c\x00\x00\x00a\x00\x00\x00\x00\x00\x00\x00q\'tq(bu.'
[2026-02-05T02:31:42.206+0000] {taskinstance.py:1323} INFO - Marking task as SUCCESS. dag_id=iris_classification_pipeline, task_id=train_model, execution_date=20260205T023136, start_date=20260205T023141, end_date=20260205T023142
[2026-02-05T02:31:42.237+0000] {local_task_job.py:208} INFO - Task exited with return code 0
[2026-02-05T02:31:42.257+0000] {taskinstance.py:2578} INFO - 1 downstream tasks scheduled from follow-on schedule check
