[2026-02-05T02:15:00.111+0000] {manager.py:483} INFO - Processing files using up to 2 processes at a time 
[2026-02-05T02:15:00.120+0000] {manager.py:484} INFO - Process each file at most once every 30 seconds
[2026-02-05T02:15:00.121+0000] {manager.py:486} INFO - Checking for new files in /opt/airflow/dags every 300 seconds
[2026-02-05T02:15:00.122+0000] {manager.py:726} INFO - Searching for files in /opt/airflow/dags
[2026-02-05T02:15:00.132+0000] {manager.py:729} INFO - There are 0 files in /opt/airflow/dags
[2026-02-05T02:20:01.044+0000] {manager.py:726} INFO - Searching for files in /opt/airflow/dags
[2026-02-05T02:20:01.052+0000] {manager.py:729} INFO - There are 0 files in /opt/airflow/dags
[2026-02-05T02:25:01.785+0000] {manager.py:726} INFO - Searching for files in /opt/airflow/dags
[2026-02-05T02:25:01.791+0000] {manager.py:729} INFO - There are 1 files in /opt/airflow/dags
[2026-02-05T02:25:03.824+0000] {manager.py:854} INFO - 
================================================================================
DAG File Processing Stats

File Path                                     PID    Runtime      # DAGs    # Errors  Last Runtime    Last Run
--------------------------------------------  -----  ---------  --------  ----------  --------------  -------------------
/opt/airflow/dags/iris_classification_dag.py                           0           1  0.09s           2026-02-05T02:25:01
================================================================================
[2026-02-05T02:25:34.153+0000] {manager.py:854} INFO - 
================================================================================
DAG File Processing Stats

File Path                                     PID    Runtime      # DAGs    # Errors  Last Runtime    Last Run
--------------------------------------------  -----  ---------  --------  ----------  --------------  -------------------
/opt/airflow/dags/iris_classification_dag.py                           0           1  0.08s           2026-02-05T02:25:32
================================================================================
[2026-02-05T02:26:04.456+0000] {manager.py:854} INFO - 
================================================================================
DAG File Processing Stats

File Path                                     PID    Runtime      # DAGs    # Errors  Last Runtime    Last Run
--------------------------------------------  -----  ---------  --------  ----------  --------------  -------------------
/opt/airflow/dags/iris_classification_dag.py                           0           1  0.12s           2026-02-05T02:26:02
================================================================================
[2026-02-05T02:26:34.767+0000] {manager.py:854} INFO - 
================================================================================
DAG File Processing Stats

File Path                                     PID    Runtime      # DAGs    # Errors  Last Runtime    Last Run
--------------------------------------------  -----  ---------  --------  ----------  --------------  -------------------
/opt/airflow/dags/iris_classification_dag.py                           0           1  0.13s           2026-02-05T02:26:32
================================================================================
[2026-02-05T02:27:05.137+0000] {manager.py:854} INFO - 
================================================================================
DAG File Processing Stats

File Path                                     PID    Runtime      # DAGs    # Errors  Last Runtime    Last Run
--------------------------------------------  -----  ---------  --------  ----------  --------------  -------------------
/opt/airflow/dags/iris_classification_dag.py                           0           1  0.07s           2026-02-05T02:27:03
================================================================================
[2026-02-05T02:27:35.441+0000] {manager.py:854} INFO - 
================================================================================
DAG File Processing Stats

File Path                                     PID    Runtime      # DAGs    # Errors  Last Runtime    Last Run
--------------------------------------------  -----  ---------  --------  ----------  --------------  -------------------
/opt/airflow/dags/iris_classification_dag.py                           0           1  0.11s           2026-02-05T02:27:33
================================================================================
[2026-02-05T02:28:05.780+0000] {manager.py:854} INFO - 
================================================================================
DAG File Processing Stats

File Path                                     PID    Runtime      # DAGs    # Errors  Last Runtime    Last Run
--------------------------------------------  -----  ---------  --------  ----------  --------------  -------------------
/opt/airflow/dags/iris_classification_dag.py                           0           1  0.15s           2026-02-05T02:28:03
================================================================================
[2026-02-05T02:28:36.046+0000] {manager.py:854} INFO - 
================================================================================
DAG File Processing Stats

File Path                                     PID    Runtime      # DAGs    # Errors  Last Runtime    Last Run
--------------------------------------------  -----  ---------  --------  ----------  --------------  -------------------
/opt/airflow/dags/iris_classification_dag.py                           0           1  0.07s           2026-02-05T02:28:34
================================================================================
[2026-02-05T02:29:06.363+0000] {manager.py:854} INFO - 
================================================================================
DAG File Processing Stats

File Path                                     PID    Runtime      # DAGs    # Errors  Last Runtime    Last Run
--------------------------------------------  -----  ---------  --------  ----------  --------------  -------------------
/opt/airflow/dags/iris_classification_dag.py                           0           1  0.08s           2026-02-05T02:29:04
================================================================================
[2026-02-05T02:29:36.634+0000] {manager.py:854} INFO - 
================================================================================
DAG File Processing Stats

File Path                                     PID    Runtime      # DAGs    # Errors  Last Runtime    Last Run
--------------------------------------------  -----  ---------  --------  ----------  --------------  -------------------
/opt/airflow/dags/iris_classification_dag.py                           0           1  0.08s           2026-02-05T02:29:34
================================================================================
[2026-02-05T02:30:01.798+0000] {manager.py:726} INFO - Searching for files in /opt/airflow/dags
[2026-02-05T02:30:01.810+0000] {manager.py:729} INFO - There are 1 files in /opt/airflow/dags
[2026-02-05T02:30:06.861+0000] {manager.py:854} INFO - 
================================================================================
DAG File Processing Stats

File Path                                     PID    Runtime      # DAGs    # Errors  Last Runtime    Last Run
--------------------------------------------  -----  ---------  --------  ----------  --------------  -------------------
/opt/airflow/dags/iris_classification_dag.py                           1           0  1.92s           2026-02-05T02:29:55
================================================================================
[2026-02-05T02:30:36.868+0000] {manager.py:854} INFO - 
================================================================================
DAG File Processing Stats

File Path                                     PID    Runtime      # DAGs    # Errors  Last Runtime    Last Run
--------------------------------------------  -----  ---------  --------  ----------  --------------  -------------------
/opt/airflow/dags/iris_classification_dag.py                           1           0  0.76s           2026-02-05T02:30:26
================================================================================
[2026-02-05T02:31:07.119+0000] {manager.py:854} INFO - 
================================================================================
DAG File Processing Stats

File Path                                     PID    Runtime      # DAGs    # Errors  Last Runtime    Last Run
--------------------------------------------  -----  ---------  --------  ----------  --------------  -------------------
/opt/airflow/dags/iris_classification_dag.py                           1           0  0.98s           2026-02-05T02:30:58
================================================================================
[2026-02-05T02:31:37.768+0000] {manager.py:854} INFO - 
================================================================================
DAG File Processing Stats

File Path                                     PID    Runtime      # DAGs    # Errors  Last Runtime    Last Run
--------------------------------------------  -----  ---------  --------  ----------  --------------  -------------------
/opt/airflow/dags/iris_classification_dag.py                           1           0  0.63s           2026-02-05T02:31:28
================================================================================
[2026-02-05T02:32:08.028+0000] {manager.py:854} INFO - 
================================================================================
DAG File Processing Stats

File Path                                     PID    Runtime      # DAGs    # Errors  Last Runtime    Last Run
--------------------------------------------  -----  ---------  --------  ----------  --------------  -------------------
/opt/airflow/dags/iris_classification_dag.py                           1           0  0.96s           2026-02-05T02:31:59
================================================================================
[2026-02-05T02:32:38.562+0000] {manager.py:854} INFO - 
================================================================================
DAG File Processing Stats

File Path                                     PID    Runtime      # DAGs    # Errors  Last Runtime    Last Run
--------------------------------------------  -----  ---------  --------  ----------  --------------  -------------------
/opt/airflow/dags/iris_classification_dag.py                           1           0  0.69s           2026-02-05T02:32:30
================================================================================
[2026-02-05T02:33:08.720+0000] {manager.py:854} INFO - 
================================================================================
DAG File Processing Stats

File Path                                     PID    Runtime      # DAGs    # Errors  Last Runtime    Last Run
--------------------------------------------  -----  ---------  --------  ----------  --------------  -------------------
/opt/airflow/dags/iris_classification_dag.py                           1           0  0.48s           2026-02-05T02:33:01
================================================================================
[2026-02-05T02:33:39.481+0000] {manager.py:854} INFO - 
================================================================================
DAG File Processing Stats

File Path                                     PID    Runtime      # DAGs    # Errors  Last Runtime    Last Run
--------------------------------------------  -----  ---------  --------  ----------  --------------  -------------------
/opt/airflow/dags/iris_classification_dag.py                           1           0  0.65s           2026-02-05T02:33:32
================================================================================
[2026-02-05T02:34:09.876+0000] {manager.py:854} INFO - 
================================================================================
DAG File Processing Stats

File Path                                     PID    Runtime      # DAGs    # Errors  Last Runtime    Last Run
--------------------------------------------  -----  ---------  --------  ----------  --------------  -------------------
/opt/airflow/dags/iris_classification_dag.py                           1           0  0.52s           2026-02-05T02:34:03
================================================================================
[2026-02-05T02:34:40.047+0000] {manager.py:854} INFO - 
================================================================================
DAG File Processing Stats

File Path                                     PID    Runtime      # DAGs    # Errors  Last Runtime    Last Run
--------------------------------------------  -----  ---------  --------  ----------  --------------  -------------------
/opt/airflow/dags/iris_classification_dag.py                           1           0  0.49s           2026-02-05T02:34:33
================================================================================
[2026-02-05T02:35:02.213+0000] {manager.py:726} INFO - Searching for files in /opt/airflow/dags
[2026-02-05T02:35:02.236+0000] {manager.py:729} INFO - There are 1 files in /opt/airflow/dags
[2026-02-05T02:35:10.819+0000] {manager.py:854} INFO - 
================================================================================
DAG File Processing Stats

File Path                                     PID    Runtime      # DAGs    # Errors  Last Runtime    Last Run
--------------------------------------------  -----  ---------  --------  ----------  --------------  -------------------
/opt/airflow/dags/iris_classification_dag.py                           1           0  0.58s           2026-02-05T02:35:04
================================================================================
[2026-02-05T02:35:41.186+0000] {manager.py:854} INFO - 
================================================================================
DAG File Processing Stats

File Path                                     PID    Runtime      # DAGs    # Errors  Last Runtime    Last Run
--------------------------------------------  -----  ---------  --------  ----------  --------------  -------------------
/opt/airflow/dags/iris_classification_dag.py                           1           0  0.55s           2026-02-05T02:35:35
================================================================================
[2026-02-05T02:36:11.385+0000] {manager.py:854} INFO - 
================================================================================
DAG File Processing Stats

File Path                                     PID    Runtime      # DAGs    # Errors  Last Runtime    Last Run
--------------------------------------------  -----  ---------  --------  ----------  --------------  -------------------
/opt/airflow/dags/iris_classification_dag.py                           1           0  0.60s           2026-02-05T02:36:06
================================================================================
[2026-02-05T02:36:41.758+0000] {manager.py:854} INFO - 
================================================================================
DAG File Processing Stats

File Path                                     PID    Runtime      # DAGs    # Errors  Last Runtime    Last Run
--------------------------------------------  -----  ---------  --------  ----------  --------------  -------------------
/opt/airflow/dags/iris_classification_dag.py                           1           0  0.66s           2026-02-05T02:36:37
================================================================================
[2026-02-05T02:37:11.985+0000] {manager.py:854} INFO - 
================================================================================
DAG File Processing Stats

File Path                                     PID    Runtime      # DAGs    # Errors  Last Runtime    Last Run
--------------------------------------------  -----  ---------  --------  ----------  --------------  -------------------
/opt/airflow/dags/iris_classification_dag.py                           1           0  0.57s           2026-02-05T02:37:08
================================================================================
[2026-02-05T02:37:42.197+0000] {manager.py:854} INFO - 
================================================================================
DAG File Processing Stats

File Path                                     PID    Runtime      # DAGs    # Errors  Last Runtime    Last Run
--------------------------------------------  -----  ---------  --------  ----------  --------------  -------------------
/opt/airflow/dags/iris_classification_dag.py                           1           0  0.95s           2026-02-05T02:37:39
================================================================================
[2026-02-05T02:38:12.739+0000] {manager.py:854} INFO - 
================================================================================
DAG File Processing Stats

File Path                                     PID    Runtime      # DAGs    # Errors  Last Runtime    Last Run
--------------------------------------------  -----  ---------  --------  ----------  --------------  -------------------
/opt/airflow/dags/iris_classification_dag.py                           1           0  0.65s           2026-02-05T02:38:10
================================================================================
[2026-02-05T02:38:43.049+0000] {manager.py:854} INFO - 
================================================================================
DAG File Processing Stats

File Path                                     PID    Runtime      # DAGs    # Errors  Last Runtime    Last Run
--------------------------------------------  -----  ---------  --------  ----------  --------------  -------------------
/opt/airflow/dags/iris_classification_dag.py                           1           0  0.58s           2026-02-05T02:38:41
================================================================================
[2026-02-05T02:39:13.824+0000] {manager.py:854} INFO - 
================================================================================
DAG File Processing Stats

File Path                                     PID    Runtime      # DAGs    # Errors  Last Runtime    Last Run
--------------------------------------------  -----  ---------  --------  ----------  --------------  -------------------
/opt/airflow/dags/iris_classification_dag.py                           1           0  0.57s           2026-02-05T02:39:11
================================================================================
[2026-02-05T02:39:44.195+0000] {manager.py:854} INFO - 
================================================================================
DAG File Processing Stats

File Path                                     PID    Runtime      # DAGs    # Errors  Last Runtime    Last Run
--------------------------------------------  -----  ---------  --------  ----------  --------------  -------------------
/opt/airflow/dags/iris_classification_dag.py                           1           0  0.55s           2026-02-05T02:39:42
================================================================================
[2026-02-05T02:40:02.375+0000] {manager.py:726} INFO - Searching for files in /opt/airflow/dags
[2026-02-05T02:40:02.388+0000] {manager.py:729} INFO - There are 1 files in /opt/airflow/dags
[2026-02-05T02:40:14.505+0000] {manager.py:854} INFO - 
================================================================================
DAG File Processing Stats

File Path                                     PID    Runtime      # DAGs    # Errors  Last Runtime    Last Run
--------------------------------------------  -----  ---------  --------  ----------  --------------  -------------------
/opt/airflow/dags/iris_classification_dag.py                           1           0  0.50s           2026-02-05T02:40:13
================================================================================
[2026-02-05T02:40:44.845+0000] {manager.py:854} INFO - 
================================================================================
DAG File Processing Stats

File Path                                     PID    Runtime      # DAGs    # Errors  Last Runtime    Last Run
--------------------------------------------  -----  ---------  --------  ----------  --------------  -------------------
/opt/airflow/dags/iris_classification_dag.py                           1           0  0.54s           2026-02-05T02:40:44
================================================================================
[2026-02-05T02:41:15.101+0000] {manager.py:854} INFO - 
================================================================================
DAG File Processing Stats

File Path                                       PID  Runtime      # DAGs    # Errors  Last Runtime    Last Run
--------------------------------------------  -----  ---------  --------  ----------  --------------  -------------------
/opt/airflow/dags/iris_classification_dag.py   1475  0.44s             1           0  0.54s           2026-02-05T02:40:44
================================================================================
[2026-02-05T02:41:17.961+0000] {manager.py:465} INFO - Exiting gracefully upon receiving signal 15
