[2026-02-05T02:31:43.129+0000] {taskinstance.py:1083} INFO - Dependencies all met for <TaskInstance: iris_classification_pipeline.evaluate_model manual__2026-02-05T02:31:36.018217+00:00 [queued]>
[2026-02-05T02:31:43.136+0000] {taskinstance.py:1083} INFO - Dependencies all met for <TaskInstance: iris_classification_pipeline.evaluate_model manual__2026-02-05T02:31:36.018217+00:00 [queued]>
[2026-02-05T02:31:43.136+0000] {taskinstance.py:1279} INFO - 
--------------------------------------------------------------------------------
[2026-02-05T02:31:43.137+0000] {taskinstance.py:1280} INFO - Starting attempt 1 of 2
[2026-02-05T02:31:43.141+0000] {taskinstance.py:1281} INFO - 
--------------------------------------------------------------------------------
[2026-02-05T02:31:43.151+0000] {taskinstance.py:1300} INFO - Executing <Task(PythonOperator): evaluate_model> on 2026-02-05 02:31:36.018217+00:00
[2026-02-05T02:31:43.157+0000] {standard_task_runner.py:55} INFO - Started process 981 to run task
[2026-02-05T02:31:43.159+0000] {standard_task_runner.py:82} INFO - Running: ['***', 'tasks', 'run', 'iris_classification_pipeline', 'evaluate_model', 'manual__2026-02-05T02:31:36.018217+00:00', '--job-id', '6', '--raw', '--subdir', 'DAGS_FOLDER/iris_classification_dag.py', '--cfg-path', '/tmp/tmpqnvkc471']
[2026-02-05T02:31:43.161+0000] {standard_task_runner.py:83} INFO - Job 6: Subtask evaluate_model
[2026-02-05T02:31:43.204+0000] {task_command.py:388} INFO - Running <TaskInstance: iris_classification_pipeline.evaluate_model manual__2026-02-05T02:31:36.018217+00:00 [running]> on host e9b3d1e4c219
[2026-02-05T02:31:43.260+0000] {taskinstance.py:1509} INFO - Exporting the following env vars:
AIRFLOW_CTX_DAG_OWNER=data_scientist
AIRFLOW_CTX_DAG_ID=iris_classification_pipeline
AIRFLOW_CTX_TASK_ID=evaluate_model
AIRFLOW_CTX_EXECUTION_DATE=2026-02-05T02:31:36.018217+00:00
AIRFLOW_CTX_TRY_NUMBER=1
AIRFLOW_CTX_DAG_RUN_ID=manual__2026-02-05T02:31:36.018217+00:00
[2026-02-05T02:31:43.261+0000] {logging_mixin.py:137} INFO - Evaluating model...
[2026-02-05T02:31:43.543+0000] {warnings.py:110} WARNING - /home/***/.local/lib/python3.7/site-packages/sklearn/ensemble/_base.py:194: UserWarning: Loky-backed parallel loops cannot be called in a multiprocessing, setting n_jobs=1
  n_jobs = min(effective_n_jobs(n_jobs), n_estimators)

[2026-02-05T02:31:43.546+0000] {logging_mixin.py:137} INFO - 
==================================================
[2026-02-05T02:31:43.547+0000] {logging_mixin.py:137} INFO - MODEL EVALUATION RESULTS
[2026-02-05T02:31:43.548+0000] {logging_mixin.py:137} INFO - ==================================================
[2026-02-05T02:31:43.548+0000] {logging_mixin.py:137} INFO - Accuracy: 0.9333 (93.33%)
[2026-02-05T02:31:43.548+0000] {logging_mixin.py:137} INFO - 
Confusion Matrix:
[2026-02-05T02:31:43.551+0000] {logging_mixin.py:137} INFO - [[10  0  0]
 [ 0  9  1]
 [ 0  1  9]]
[2026-02-05T02:31:43.551+0000] {logging_mixin.py:137} INFO - 
Classification Report:
[2026-02-05T02:31:43.553+0000] {logging_mixin.py:137} INFO -               precision    recall  f1-score   support

      setosa       1.00      1.00      1.00        10
  versicolor       0.90      0.90      0.90        10
   virginica       0.90      0.90      0.90        10

    accuracy                           0.93        30
   macro avg       0.93      0.93      0.93        30
weighted avg       0.93      0.93      0.93        30
[2026-02-05T02:31:43.554+0000] {logging_mixin.py:137} INFO - ==================================================
[2026-02-05T02:31:43.554+0000] {python.py:177} INFO - Done. Returned value was: Model evaluation complete. Accuracy: 0.9333
[2026-02-05T02:31:43.574+0000] {taskinstance.py:1323} INFO - Marking task as SUCCESS. dag_id=iris_classification_pipeline, task_id=evaluate_model, execution_date=20260205T023136, start_date=20260205T023143, end_date=20260205T023143
[2026-02-05T02:31:43.617+0000] {local_task_job.py:208} INFO - Task exited with return code 0
[2026-02-05T02:31:43.629+0000] {taskinstance.py:2578} INFO - 0 downstream tasks scheduled from follow-on schedule check
