[2026-02-05T02:25:01.815+0000] {processor.py:153} INFO - Started process (PID=582) to work on /opt/airflow/dags/iris_classification_dag.py
[2026-02-05T02:25:01.816+0000] {processor.py:743} INFO - Processing file /opt/airflow/dags/iris_classification_dag.py for tasks to queue
[2026-02-05T02:25:01.817+0000] {logging_mixin.py:137} INFO - [2026-02-05T02:25:01.817+0000] {dagbag.py:538} INFO - Filling up the DagBag from /opt/airflow/dags/iris_classification_dag.py
[2026-02-05T02:25:01.857+0000] {logging_mixin.py:137} INFO - [2026-02-05T02:25:01.850+0000] {dagbag.py:343} ERROR - Failed to import: /opt/airflow/dags/iris_classification_dag.py
Traceback (most recent call last):
  File "/home/airflow/.local/lib/python3.7/site-packages/airflow/models/dagbag.py", line 339, in parse
    loader.exec_module(new_module)
  File "<frozen importlib._bootstrap_external>", line 728, in exec_module
  File "<frozen importlib._bootstrap>", line 219, in _call_with_frames_removed
  File "/opt/airflow/dags/iris_classification_dag.py", line 10, in <module>
    from src.ml_functions import load_data, data_preprocessing, build_save_model, evaluate_model
ModuleNotFoundError: No module named 'src'
[2026-02-05T02:25:01.859+0000] {processor.py:755} WARNING - No viable dags retrieved from /opt/airflow/dags/iris_classification_dag.py
[2026-02-05T02:25:01.883+0000] {processor.py:175} INFO - Processing /opt/airflow/dags/iris_classification_dag.py took 0.070 seconds
[2026-02-05T02:25:32.142+0000] {processor.py:153} INFO - Started process (PID=612) to work on /opt/airflow/dags/iris_classification_dag.py
[2026-02-05T02:25:32.144+0000] {processor.py:743} INFO - Processing file /opt/airflow/dags/iris_classification_dag.py for tasks to queue
[2026-02-05T02:25:32.145+0000] {logging_mixin.py:137} INFO - [2026-02-05T02:25:32.145+0000] {dagbag.py:538} INFO - Filling up the DagBag from /opt/airflow/dags/iris_classification_dag.py
[2026-02-05T02:25:32.170+0000] {logging_mixin.py:137} INFO - [2026-02-05T02:25:32.164+0000] {dagbag.py:343} ERROR - Failed to import: /opt/airflow/dags/iris_classification_dag.py
Traceback (most recent call last):
  File "/home/airflow/.local/lib/python3.7/site-packages/airflow/models/dagbag.py", line 339, in parse
    loader.exec_module(new_module)
  File "<frozen importlib._bootstrap_external>", line 728, in exec_module
  File "<frozen importlib._bootstrap>", line 219, in _call_with_frames_removed
  File "/opt/airflow/dags/iris_classification_dag.py", line 10, in <module>
    from src.ml_functions import load_data, data_preprocessing, build_save_model, evaluate_model
ModuleNotFoundError: No module named 'src'
[2026-02-05T02:25:32.170+0000] {processor.py:755} WARNING - No viable dags retrieved from /opt/airflow/dags/iris_classification_dag.py
[2026-02-05T02:25:32.194+0000] {processor.py:175} INFO - Processing /opt/airflow/dags/iris_classification_dag.py took 0.054 seconds
[2026-02-05T02:26:02.433+0000] {processor.py:153} INFO - Started process (PID=632) to work on /opt/airflow/dags/iris_classification_dag.py
[2026-02-05T02:26:02.435+0000] {processor.py:743} INFO - Processing file /opt/airflow/dags/iris_classification_dag.py for tasks to queue
[2026-02-05T02:26:02.436+0000] {logging_mixin.py:137} INFO - [2026-02-05T02:26:02.436+0000] {dagbag.py:538} INFO - Filling up the DagBag from /opt/airflow/dags/iris_classification_dag.py
[2026-02-05T02:26:02.458+0000] {logging_mixin.py:137} INFO - [2026-02-05T02:26:02.455+0000] {dagbag.py:343} ERROR - Failed to import: /opt/airflow/dags/iris_classification_dag.py
Traceback (most recent call last):
  File "/home/airflow/.local/lib/python3.7/site-packages/airflow/models/dagbag.py", line 339, in parse
    loader.exec_module(new_module)
  File "<frozen importlib._bootstrap_external>", line 728, in exec_module
  File "<frozen importlib._bootstrap>", line 219, in _call_with_frames_removed
  File "/opt/airflow/dags/iris_classification_dag.py", line 10, in <module>
    from src.ml_functions import load_data, data_preprocessing, build_save_model, evaluate_model
ModuleNotFoundError: No module named 'src'
[2026-02-05T02:26:02.460+0000] {processor.py:755} WARNING - No viable dags retrieved from /opt/airflow/dags/iris_classification_dag.py
[2026-02-05T02:26:02.493+0000] {processor.py:175} INFO - Processing /opt/airflow/dags/iris_classification_dag.py took 0.064 seconds
[2026-02-05T02:26:32.750+0000] {processor.py:153} INFO - Started process (PID=663) to work on /opt/airflow/dags/iris_classification_dag.py
[2026-02-05T02:26:32.751+0000] {processor.py:743} INFO - Processing file /opt/airflow/dags/iris_classification_dag.py for tasks to queue
[2026-02-05T02:26:32.752+0000] {logging_mixin.py:137} INFO - [2026-02-05T02:26:32.752+0000] {dagbag.py:538} INFO - Filling up the DagBag from /opt/airflow/dags/iris_classification_dag.py
[2026-02-05T02:26:32.817+0000] {logging_mixin.py:137} INFO - [2026-02-05T02:26:32.806+0000] {dagbag.py:343} ERROR - Failed to import: /opt/airflow/dags/iris_classification_dag.py
Traceback (most recent call last):
  File "/home/airflow/.local/lib/python3.7/site-packages/airflow/models/dagbag.py", line 339, in parse
    loader.exec_module(new_module)
  File "<frozen importlib._bootstrap_external>", line 728, in exec_module
  File "<frozen importlib._bootstrap>", line 219, in _call_with_frames_removed
  File "/opt/airflow/dags/iris_classification_dag.py", line 10, in <module>
    from src.ml_functions import load_data, data_preprocessing, build_save_model, evaluate_model
ModuleNotFoundError: No module named 'src'
[2026-02-05T02:26:32.819+0000] {processor.py:755} WARNING - No viable dags retrieved from /opt/airflow/dags/iris_classification_dag.py
[2026-02-05T02:26:32.836+0000] {processor.py:175} INFO - Processing /opt/airflow/dags/iris_classification_dag.py took 0.088 seconds
[2026-02-05T02:27:03.096+0000] {processor.py:153} INFO - Started process (PID=684) to work on /opt/airflow/dags/iris_classification_dag.py
[2026-02-05T02:27:03.097+0000] {processor.py:743} INFO - Processing file /opt/airflow/dags/iris_classification_dag.py for tasks to queue
[2026-02-05T02:27:03.098+0000] {logging_mixin.py:137} INFO - [2026-02-05T02:27:03.098+0000] {dagbag.py:538} INFO - Filling up the DagBag from /opt/airflow/dags/iris_classification_dag.py
[2026-02-05T02:27:03.114+0000] {logging_mixin.py:137} INFO - [2026-02-05T02:27:03.112+0000] {dagbag.py:343} ERROR - Failed to import: /opt/airflow/dags/iris_classification_dag.py
Traceback (most recent call last):
  File "/home/airflow/.local/lib/python3.7/site-packages/airflow/models/dagbag.py", line 339, in parse
    loader.exec_module(new_module)
  File "<frozen importlib._bootstrap_external>", line 728, in exec_module
  File "<frozen importlib._bootstrap>", line 219, in _call_with_frames_removed
  File "/opt/airflow/dags/iris_classification_dag.py", line 10, in <module>
    from src.ml_functions import load_data, data_preprocessing, build_save_model, evaluate_model
ModuleNotFoundError: No module named 'src'
[2026-02-05T02:27:03.115+0000] {processor.py:755} WARNING - No viable dags retrieved from /opt/airflow/dags/iris_classification_dag.py
[2026-02-05T02:27:03.131+0000] {processor.py:175} INFO - Processing /opt/airflow/dags/iris_classification_dag.py took 0.038 seconds
[2026-02-05T02:27:33.432+0000] {processor.py:153} INFO - Started process (PID=716) to work on /opt/airflow/dags/iris_classification_dag.py
[2026-02-05T02:27:33.434+0000] {processor.py:743} INFO - Processing file /opt/airflow/dags/iris_classification_dag.py for tasks to queue
[2026-02-05T02:27:33.435+0000] {logging_mixin.py:137} INFO - [2026-02-05T02:27:33.435+0000] {dagbag.py:538} INFO - Filling up the DagBag from /opt/airflow/dags/iris_classification_dag.py
[2026-02-05T02:27:33.460+0000] {logging_mixin.py:137} INFO - [2026-02-05T02:27:33.456+0000] {dagbag.py:343} ERROR - Failed to import: /opt/airflow/dags/iris_classification_dag.py
Traceback (most recent call last):
  File "/home/airflow/.local/lib/python3.7/site-packages/airflow/models/dagbag.py", line 339, in parse
    loader.exec_module(new_module)
  File "<frozen importlib._bootstrap_external>", line 728, in exec_module
  File "<frozen importlib._bootstrap>", line 219, in _call_with_frames_removed
  File "/opt/airflow/dags/iris_classification_dag.py", line 10, in <module>
    from src.ml_functions import load_data, data_preprocessing, build_save_model, evaluate_model
ModuleNotFoundError: No module named 'src'
[2026-02-05T02:27:33.461+0000] {processor.py:755} WARNING - No viable dags retrieved from /opt/airflow/dags/iris_classification_dag.py
[2026-02-05T02:27:33.493+0000] {processor.py:175} INFO - Processing /opt/airflow/dags/iris_classification_dag.py took 0.064 seconds
[2026-02-05T02:28:03.770+0000] {processor.py:153} INFO - Started process (PID=747) to work on /opt/airflow/dags/iris_classification_dag.py
[2026-02-05T02:28:03.773+0000] {processor.py:743} INFO - Processing file /opt/airflow/dags/iris_classification_dag.py for tasks to queue
[2026-02-05T02:28:03.775+0000] {logging_mixin.py:137} INFO - [2026-02-05T02:28:03.775+0000] {dagbag.py:538} INFO - Filling up the DagBag from /opt/airflow/dags/iris_classification_dag.py
[2026-02-05T02:28:03.832+0000] {logging_mixin.py:137} INFO - [2026-02-05T02:28:03.824+0000] {dagbag.py:343} ERROR - Failed to import: /opt/airflow/dags/iris_classification_dag.py
Traceback (most recent call last):
  File "/home/airflow/.local/lib/python3.7/site-packages/airflow/models/dagbag.py", line 339, in parse
    loader.exec_module(new_module)
  File "<frozen importlib._bootstrap_external>", line 728, in exec_module
  File "<frozen importlib._bootstrap>", line 219, in _call_with_frames_removed
  File "/opt/airflow/dags/iris_classification_dag.py", line 10, in <module>
    from src.ml_functions import load_data, data_preprocessing, build_save_model, evaluate_model
ModuleNotFoundError: No module named 'src'
[2026-02-05T02:28:03.836+0000] {processor.py:755} WARNING - No viable dags retrieved from /opt/airflow/dags/iris_classification_dag.py
[2026-02-05T02:28:03.882+0000] {processor.py:175} INFO - Processing /opt/airflow/dags/iris_classification_dag.py took 0.116 seconds
[2026-02-05T02:28:34.062+0000] {processor.py:153} INFO - Started process (PID=768) to work on /opt/airflow/dags/iris_classification_dag.py
[2026-02-05T02:28:34.063+0000] {processor.py:743} INFO - Processing file /opt/airflow/dags/iris_classification_dag.py for tasks to queue
[2026-02-05T02:28:34.064+0000] {logging_mixin.py:137} INFO - [2026-02-05T02:28:34.063+0000] {dagbag.py:538} INFO - Filling up the DagBag from /opt/airflow/dags/iris_classification_dag.py
[2026-02-05T02:28:34.080+0000] {logging_mixin.py:137} INFO - [2026-02-05T02:28:34.077+0000] {dagbag.py:343} ERROR - Failed to import: /opt/airflow/dags/iris_classification_dag.py
Traceback (most recent call last):
  File "/home/airflow/.local/lib/python3.7/site-packages/airflow/models/dagbag.py", line 339, in parse
    loader.exec_module(new_module)
  File "<frozen importlib._bootstrap_external>", line 728, in exec_module
  File "<frozen importlib._bootstrap>", line 219, in _call_with_frames_removed
  File "/opt/airflow/dags/iris_classification_dag.py", line 10, in <module>
    from src.ml_functions import load_data, data_preprocessing, build_save_model, evaluate_model
ModuleNotFoundError: No module named 'src'
[2026-02-05T02:28:34.081+0000] {processor.py:755} WARNING - No viable dags retrieved from /opt/airflow/dags/iris_classification_dag.py
[2026-02-05T02:28:34.096+0000] {processor.py:175} INFO - Processing /opt/airflow/dags/iris_classification_dag.py took 0.036 seconds
[2026-02-05T02:29:04.341+0000] {processor.py:153} INFO - Started process (PID=798) to work on /opt/airflow/dags/iris_classification_dag.py
[2026-02-05T02:29:04.342+0000] {processor.py:743} INFO - Processing file /opt/airflow/dags/iris_classification_dag.py for tasks to queue
[2026-02-05T02:29:04.343+0000] {logging_mixin.py:137} INFO - [2026-02-05T02:29:04.343+0000] {dagbag.py:538} INFO - Filling up the DagBag from /opt/airflow/dags/iris_classification_dag.py
[2026-02-05T02:29:04.361+0000] {logging_mixin.py:137} INFO - [2026-02-05T02:29:04.358+0000] {dagbag.py:343} ERROR - Failed to import: /opt/airflow/dags/iris_classification_dag.py
Traceback (most recent call last):
  File "/home/airflow/.local/lib/python3.7/site-packages/airflow/models/dagbag.py", line 339, in parse
    loader.exec_module(new_module)
  File "<frozen importlib._bootstrap_external>", line 728, in exec_module
  File "<frozen importlib._bootstrap>", line 219, in _call_with_frames_removed
  File "/opt/airflow/dags/iris_classification_dag.py", line 10, in <module>
    from src.ml_functions import load_data, data_preprocessing, build_save_model, evaluate_model
ModuleNotFoundError: No module named 'src'
[2026-02-05T02:29:04.362+0000] {processor.py:755} WARNING - No viable dags retrieved from /opt/airflow/dags/iris_classification_dag.py
[2026-02-05T02:29:04.379+0000] {processor.py:175} INFO - Processing /opt/airflow/dags/iris_classification_dag.py took 0.042 seconds
[2026-02-05T02:29:34.632+0000] {processor.py:153} INFO - Started process (PID=828) to work on /opt/airflow/dags/iris_classification_dag.py
[2026-02-05T02:29:34.635+0000] {processor.py:743} INFO - Processing file /opt/airflow/dags/iris_classification_dag.py for tasks to queue
[2026-02-05T02:29:34.635+0000] {logging_mixin.py:137} INFO - [2026-02-05T02:29:34.635+0000] {dagbag.py:538} INFO - Filling up the DagBag from /opt/airflow/dags/iris_classification_dag.py
[2026-02-05T02:29:34.651+0000] {logging_mixin.py:137} INFO - [2026-02-05T02:29:34.649+0000] {dagbag.py:343} ERROR - Failed to import: /opt/airflow/dags/iris_classification_dag.py
Traceback (most recent call last):
  File "/home/airflow/.local/lib/python3.7/site-packages/airflow/models/dagbag.py", line 339, in parse
    loader.exec_module(new_module)
  File "<frozen importlib._bootstrap_external>", line 728, in exec_module
  File "<frozen importlib._bootstrap>", line 219, in _call_with_frames_removed
  File "/opt/airflow/dags/iris_classification_dag.py", line 10, in <module>
    from src.ml_functions import load_data, data_preprocessing, build_save_model, evaluate_model
ModuleNotFoundError: No module named 'src'
[2026-02-05T02:29:34.651+0000] {processor.py:755} WARNING - No viable dags retrieved from /opt/airflow/dags/iris_classification_dag.py
[2026-02-05T02:29:34.665+0000] {processor.py:175} INFO - Processing /opt/airflow/dags/iris_classification_dag.py took 0.035 seconds
[2026-02-05T02:29:53.855+0000] {processor.py:153} INFO - Started process (PID=839) to work on /opt/airflow/dags/iris_classification_dag.py
[2026-02-05T02:29:53.856+0000] {processor.py:743} INFO - Processing file /opt/airflow/dags/iris_classification_dag.py for tasks to queue
[2026-02-05T02:29:53.857+0000] {logging_mixin.py:137} INFO - [2026-02-05T02:29:53.857+0000] {dagbag.py:538} INFO - Filling up the DagBag from /opt/airflow/dags/iris_classification_dag.py
[2026-02-05T02:29:55.356+0000] {logging_mixin.py:137} INFO - [2026-02-05T02:29:55.356+0000] {taskmixin.py:205} WARNING - Dependency <Task(PythonOperator): load_data>, preprocess_data already registered for DAG: iris_classification_pipeline
[2026-02-05T02:29:55.358+0000] {logging_mixin.py:137} INFO - [2026-02-05T02:29:55.358+0000] {taskmixin.py:205} WARNING - Dependency <Task(PythonOperator): preprocess_data>, load_data already registered for DAG: iris_classification_pipeline
[2026-02-05T02:29:55.358+0000] {logging_mixin.py:137} INFO - [2026-02-05T02:29:55.358+0000] {taskmixin.py:205} WARNING - Dependency <Task(PythonOperator): preprocess_data>, train_model already registered for DAG: iris_classification_pipeline
[2026-02-05T02:29:55.358+0000] {logging_mixin.py:137} INFO - [2026-02-05T02:29:55.358+0000] {taskmixin.py:205} WARNING - Dependency <Task(PythonOperator): train_model>, preprocess_data already registered for DAG: iris_classification_pipeline
[2026-02-05T02:29:55.358+0000] {logging_mixin.py:137} INFO - [2026-02-05T02:29:55.358+0000] {taskmixin.py:205} WARNING - Dependency <Task(PythonOperator): train_model>, evaluate_model already registered for DAG: iris_classification_pipeline
[2026-02-05T02:29:55.358+0000] {logging_mixin.py:137} INFO - [2026-02-05T02:29:55.358+0000] {taskmixin.py:205} WARNING - Dependency <Task(PythonOperator): evaluate_model>, train_model already registered for DAG: iris_classification_pipeline
[2026-02-05T02:29:55.386+0000] {processor.py:753} INFO - DAG(s) dict_keys(['iris_classification_pipeline']) retrieved from /opt/airflow/dags/iris_classification_dag.py
[2026-02-05T02:29:55.623+0000] {logging_mixin.py:137} INFO - [2026-02-05T02:29:55.623+0000] {manager.py:504} INFO - Created Permission View: can delete on DAG:iris_classification_pipeline
[2026-02-05T02:29:55.642+0000] {logging_mixin.py:137} INFO - [2026-02-05T02:29:55.642+0000] {manager.py:504} INFO - Created Permission View: can edit on DAG:iris_classification_pipeline
[2026-02-05T02:29:55.652+0000] {logging_mixin.py:137} INFO - [2026-02-05T02:29:55.652+0000] {manager.py:504} INFO - Created Permission View: can read on DAG:iris_classification_pipeline
[2026-02-05T02:29:55.654+0000] {logging_mixin.py:137} INFO - [2026-02-05T02:29:55.654+0000] {dag.py:2690} INFO - Sync 1 DAGs
[2026-02-05T02:29:55.675+0000] {logging_mixin.py:137} INFO - [2026-02-05T02:29:55.675+0000] {dag.py:2711} INFO - Creating ORM DAG for iris_classification_pipeline
[2026-02-05T02:29:55.691+0000] {logging_mixin.py:137} INFO - [2026-02-05T02:29:55.691+0000] {dag.py:3441} INFO - Setting next_dagrun for iris_classification_pipeline to None, run_after=None
[2026-02-05T02:29:55.721+0000] {processor.py:175} INFO - Processing /opt/airflow/dags/iris_classification_dag.py took 1.868 seconds
[2026-02-05T02:30:26.069+0000] {processor.py:153} INFO - Started process (PID=872) to work on /opt/airflow/dags/iris_classification_dag.py
[2026-02-05T02:30:26.070+0000] {processor.py:743} INFO - Processing file /opt/airflow/dags/iris_classification_dag.py for tasks to queue
[2026-02-05T02:30:26.072+0000] {logging_mixin.py:137} INFO - [2026-02-05T02:30:26.072+0000] {dagbag.py:538} INFO - Filling up the DagBag from /opt/airflow/dags/iris_classification_dag.py
[2026-02-05T02:30:26.740+0000] {logging_mixin.py:137} INFO - [2026-02-05T02:30:26.740+0000] {taskmixin.py:205} WARNING - Dependency <Task(PythonOperator): load_data>, preprocess_data already registered for DAG: iris_classification_pipeline
[2026-02-05T02:30:26.741+0000] {logging_mixin.py:137} INFO - [2026-02-05T02:30:26.741+0000] {taskmixin.py:205} WARNING - Dependency <Task(PythonOperator): preprocess_data>, load_data already registered for DAG: iris_classification_pipeline
[2026-02-05T02:30:26.741+0000] {logging_mixin.py:137} INFO - [2026-02-05T02:30:26.741+0000] {taskmixin.py:205} WARNING - Dependency <Task(PythonOperator): preprocess_data>, train_model already registered for DAG: iris_classification_pipeline
[2026-02-05T02:30:26.742+0000] {logging_mixin.py:137} INFO - [2026-02-05T02:30:26.742+0000] {taskmixin.py:205} WARNING - Dependency <Task(PythonOperator): train_model>, preprocess_data already registered for DAG: iris_classification_pipeline
[2026-02-05T02:30:26.742+0000] {logging_mixin.py:137} INFO - [2026-02-05T02:30:26.742+0000] {taskmixin.py:205} WARNING - Dependency <Task(PythonOperator): train_model>, evaluate_model already registered for DAG: iris_classification_pipeline
[2026-02-05T02:30:26.742+0000] {logging_mixin.py:137} INFO - [2026-02-05T02:30:26.742+0000] {taskmixin.py:205} WARNING - Dependency <Task(PythonOperator): evaluate_model>, train_model already registered for DAG: iris_classification_pipeline
[2026-02-05T02:30:26.746+0000] {processor.py:753} INFO - DAG(s) dict_keys(['iris_classification_pipeline']) retrieved from /opt/airflow/dags/iris_classification_dag.py
[2026-02-05T02:30:26.759+0000] {logging_mixin.py:137} INFO - [2026-02-05T02:30:26.759+0000] {dag.py:2690} INFO - Sync 1 DAGs
[2026-02-05T02:30:26.772+0000] {logging_mixin.py:137} INFO - [2026-02-05T02:30:26.771+0000] {dag.py:3441} INFO - Setting next_dagrun for iris_classification_pipeline to None, run_after=None
[2026-02-05T02:30:26.786+0000] {processor.py:175} INFO - Processing /opt/airflow/dags/iris_classification_dag.py took 0.721 seconds
[2026-02-05T02:30:57.134+0000] {processor.py:153} INFO - Started process (PID=904) to work on /opt/airflow/dags/iris_classification_dag.py
[2026-02-05T02:30:57.139+0000] {processor.py:743} INFO - Processing file /opt/airflow/dags/iris_classification_dag.py for tasks to queue
[2026-02-05T02:30:57.143+0000] {logging_mixin.py:137} INFO - [2026-02-05T02:30:57.143+0000] {dagbag.py:538} INFO - Filling up the DagBag from /opt/airflow/dags/iris_classification_dag.py
[2026-02-05T02:30:57.923+0000] {logging_mixin.py:137} INFO - [2026-02-05T02:30:57.923+0000] {taskmixin.py:205} WARNING - Dependency <Task(PythonOperator): load_data>, preprocess_data already registered for DAG: iris_classification_pipeline
[2026-02-05T02:30:57.924+0000] {logging_mixin.py:137} INFO - [2026-02-05T02:30:57.924+0000] {taskmixin.py:205} WARNING - Dependency <Task(PythonOperator): preprocess_data>, load_data already registered for DAG: iris_classification_pipeline
[2026-02-05T02:30:57.924+0000] {logging_mixin.py:137} INFO - [2026-02-05T02:30:57.924+0000] {taskmixin.py:205} WARNING - Dependency <Task(PythonOperator): preprocess_data>, train_model already registered for DAG: iris_classification_pipeline
[2026-02-05T02:30:57.925+0000] {logging_mixin.py:137} INFO - [2026-02-05T02:30:57.925+0000] {taskmixin.py:205} WARNING - Dependency <Task(PythonOperator): train_model>, preprocess_data already registered for DAG: iris_classification_pipeline
[2026-02-05T02:30:57.925+0000] {logging_mixin.py:137} INFO - [2026-02-05T02:30:57.925+0000] {taskmixin.py:205} WARNING - Dependency <Task(PythonOperator): train_model>, evaluate_model already registered for DAG: iris_classification_pipeline
[2026-02-05T02:30:57.926+0000] {logging_mixin.py:137} INFO - [2026-02-05T02:30:57.925+0000] {taskmixin.py:205} WARNING - Dependency <Task(PythonOperator): evaluate_model>, train_model already registered for DAG: iris_classification_pipeline
[2026-02-05T02:30:57.930+0000] {processor.py:753} INFO - DAG(s) dict_keys(['iris_classification_pipeline']) retrieved from /opt/airflow/dags/iris_classification_dag.py
[2026-02-05T02:30:57.955+0000] {logging_mixin.py:137} INFO - [2026-02-05T02:30:57.955+0000] {dag.py:2690} INFO - Sync 1 DAGs
[2026-02-05T02:30:57.978+0000] {logging_mixin.py:137} INFO - [2026-02-05T02:30:57.978+0000] {dag.py:3441} INFO - Setting next_dagrun for iris_classification_pipeline to None, run_after=None
[2026-02-05T02:30:57.999+0000] {processor.py:175} INFO - Processing /opt/airflow/dags/iris_classification_dag.py took 0.874 seconds
[2026-02-05T02:31:28.365+0000] {processor.py:153} INFO - Started process (PID=936) to work on /opt/airflow/dags/iris_classification_dag.py
[2026-02-05T02:31:28.367+0000] {processor.py:743} INFO - Processing file /opt/airflow/dags/iris_classification_dag.py for tasks to queue
[2026-02-05T02:31:28.368+0000] {logging_mixin.py:137} INFO - [2026-02-05T02:31:28.368+0000] {dagbag.py:538} INFO - Filling up the DagBag from /opt/airflow/dags/iris_classification_dag.py
[2026-02-05T02:31:28.890+0000] {logging_mixin.py:137} INFO - [2026-02-05T02:31:28.889+0000] {taskmixin.py:205} WARNING - Dependency <Task(PythonOperator): load_data>, preprocess_data already registered for DAG: iris_classification_pipeline
[2026-02-05T02:31:28.890+0000] {logging_mixin.py:137} INFO - [2026-02-05T02:31:28.890+0000] {taskmixin.py:205} WARNING - Dependency <Task(PythonOperator): preprocess_data>, load_data already registered for DAG: iris_classification_pipeline
[2026-02-05T02:31:28.891+0000] {logging_mixin.py:137} INFO - [2026-02-05T02:31:28.891+0000] {taskmixin.py:205} WARNING - Dependency <Task(PythonOperator): preprocess_data>, train_model already registered for DAG: iris_classification_pipeline
[2026-02-05T02:31:28.892+0000] {logging_mixin.py:137} INFO - [2026-02-05T02:31:28.892+0000] {taskmixin.py:205} WARNING - Dependency <Task(PythonOperator): train_model>, preprocess_data already registered for DAG: iris_classification_pipeline
[2026-02-05T02:31:28.892+0000] {logging_mixin.py:137} INFO - [2026-02-05T02:31:28.892+0000] {taskmixin.py:205} WARNING - Dependency <Task(PythonOperator): train_model>, evaluate_model already registered for DAG: iris_classification_pipeline
[2026-02-05T02:31:28.893+0000] {logging_mixin.py:137} INFO - [2026-02-05T02:31:28.893+0000] {taskmixin.py:205} WARNING - Dependency <Task(PythonOperator): evaluate_model>, train_model already registered for DAG: iris_classification_pipeline
[2026-02-05T02:31:28.896+0000] {processor.py:753} INFO - DAG(s) dict_keys(['iris_classification_pipeline']) retrieved from /opt/airflow/dags/iris_classification_dag.py
[2026-02-05T02:31:28.908+0000] {logging_mixin.py:137} INFO - [2026-02-05T02:31:28.908+0000] {dag.py:2690} INFO - Sync 1 DAGs
[2026-02-05T02:31:28.920+0000] {logging_mixin.py:137} INFO - [2026-02-05T02:31:28.920+0000] {dag.py:3441} INFO - Setting next_dagrun for iris_classification_pipeline to None, run_after=None
[2026-02-05T02:31:28.935+0000] {processor.py:175} INFO - Processing /opt/airflow/dags/iris_classification_dag.py took 0.577 seconds
[2026-02-05T02:31:59.024+0000] {processor.py:153} INFO - Started process (PID=956) to work on /opt/airflow/dags/iris_classification_dag.py
[2026-02-05T02:31:59.027+0000] {processor.py:743} INFO - Processing file /opt/airflow/dags/iris_classification_dag.py for tasks to queue
[2026-02-05T02:31:59.029+0000] {logging_mixin.py:137} INFO - [2026-02-05T02:31:59.029+0000] {dagbag.py:538} INFO - Filling up the DagBag from /opt/airflow/dags/iris_classification_dag.py
[2026-02-05T02:31:59.871+0000] {logging_mixin.py:137} INFO - [2026-02-05T02:31:59.871+0000] {taskmixin.py:205} WARNING - Dependency <Task(PythonOperator): load_data>, preprocess_data already registered for DAG: iris_classification_pipeline
[2026-02-05T02:31:59.872+0000] {logging_mixin.py:137} INFO - [2026-02-05T02:31:59.872+0000] {taskmixin.py:205} WARNING - Dependency <Task(PythonOperator): preprocess_data>, load_data already registered for DAG: iris_classification_pipeline
[2026-02-05T02:31:59.872+0000] {logging_mixin.py:137} INFO - [2026-02-05T02:31:59.872+0000] {taskmixin.py:205} WARNING - Dependency <Task(PythonOperator): preprocess_data>, train_model already registered for DAG: iris_classification_pipeline
[2026-02-05T02:31:59.873+0000] {logging_mixin.py:137} INFO - [2026-02-05T02:31:59.873+0000] {taskmixin.py:205} WARNING - Dependency <Task(PythonOperator): train_model>, preprocess_data already registered for DAG: iris_classification_pipeline
[2026-02-05T02:31:59.873+0000] {logging_mixin.py:137} INFO - [2026-02-05T02:31:59.873+0000] {taskmixin.py:205} WARNING - Dependency <Task(PythonOperator): train_model>, evaluate_model already registered for DAG: iris_classification_pipeline
[2026-02-05T02:31:59.873+0000] {logging_mixin.py:137} INFO - [2026-02-05T02:31:59.873+0000] {taskmixin.py:205} WARNING - Dependency <Task(PythonOperator): evaluate_model>, train_model already registered for DAG: iris_classification_pipeline
[2026-02-05T02:31:59.877+0000] {processor.py:753} INFO - DAG(s) dict_keys(['iris_classification_pipeline']) retrieved from /opt/airflow/dags/iris_classification_dag.py
[2026-02-05T02:31:59.888+0000] {logging_mixin.py:137} INFO - [2026-02-05T02:31:59.888+0000] {dag.py:2690} INFO - Sync 1 DAGs
[2026-02-05T02:31:59.901+0000] {logging_mixin.py:137} INFO - [2026-02-05T02:31:59.901+0000] {dag.py:3441} INFO - Setting next_dagrun for iris_classification_pipeline to None, run_after=None
[2026-02-05T02:31:59.915+0000] {processor.py:175} INFO - Processing /opt/airflow/dags/iris_classification_dag.py took 0.901 seconds
[2026-02-05T02:32:30.251+0000] {processor.py:153} INFO - Started process (PID=988) to work on /opt/airflow/dags/iris_classification_dag.py
[2026-02-05T02:32:30.254+0000] {processor.py:743} INFO - Processing file /opt/airflow/dags/iris_classification_dag.py for tasks to queue
[2026-02-05T02:32:30.255+0000] {logging_mixin.py:137} INFO - [2026-02-05T02:32:30.255+0000] {dagbag.py:538} INFO - Filling up the DagBag from /opt/airflow/dags/iris_classification_dag.py
[2026-02-05T02:32:30.809+0000] {logging_mixin.py:137} INFO - [2026-02-05T02:32:30.809+0000] {taskmixin.py:205} WARNING - Dependency <Task(PythonOperator): load_data>, preprocess_data already registered for DAG: iris_classification_pipeline
[2026-02-05T02:32:30.810+0000] {logging_mixin.py:137} INFO - [2026-02-05T02:32:30.810+0000] {taskmixin.py:205} WARNING - Dependency <Task(PythonOperator): preprocess_data>, load_data already registered for DAG: iris_classification_pipeline
[2026-02-05T02:32:30.811+0000] {logging_mixin.py:137} INFO - [2026-02-05T02:32:30.811+0000] {taskmixin.py:205} WARNING - Dependency <Task(PythonOperator): preprocess_data>, train_model already registered for DAG: iris_classification_pipeline
[2026-02-05T02:32:30.812+0000] {logging_mixin.py:137} INFO - [2026-02-05T02:32:30.812+0000] {taskmixin.py:205} WARNING - Dependency <Task(PythonOperator): train_model>, preprocess_data already registered for DAG: iris_classification_pipeline
[2026-02-05T02:32:30.813+0000] {logging_mixin.py:137} INFO - [2026-02-05T02:32:30.813+0000] {taskmixin.py:205} WARNING - Dependency <Task(PythonOperator): train_model>, evaluate_model already registered for DAG: iris_classification_pipeline
[2026-02-05T02:32:30.813+0000] {logging_mixin.py:137} INFO - [2026-02-05T02:32:30.813+0000] {taskmixin.py:205} WARNING - Dependency <Task(PythonOperator): evaluate_model>, train_model already registered for DAG: iris_classification_pipeline
[2026-02-05T02:32:30.817+0000] {processor.py:753} INFO - DAG(s) dict_keys(['iris_classification_pipeline']) retrieved from /opt/airflow/dags/iris_classification_dag.py
[2026-02-05T02:32:30.830+0000] {logging_mixin.py:137} INFO - [2026-02-05T02:32:30.830+0000] {dag.py:2690} INFO - Sync 1 DAGs
[2026-02-05T02:32:30.843+0000] {logging_mixin.py:137} INFO - [2026-02-05T02:32:30.843+0000] {dag.py:3441} INFO - Setting next_dagrun for iris_classification_pipeline to None, run_after=None
[2026-02-05T02:32:30.871+0000] {processor.py:175} INFO - Processing /opt/airflow/dags/iris_classification_dag.py took 0.628 seconds
[2026-02-05T02:33:01.156+0000] {processor.py:153} INFO - Started process (PID=1022) to work on /opt/airflow/dags/iris_classification_dag.py
[2026-02-05T02:33:01.157+0000] {processor.py:743} INFO - Processing file /opt/airflow/dags/iris_classification_dag.py for tasks to queue
[2026-02-05T02:33:01.157+0000] {logging_mixin.py:137} INFO - [2026-02-05T02:33:01.157+0000] {dagbag.py:538} INFO - Filling up the DagBag from /opt/airflow/dags/iris_classification_dag.py
[2026-02-05T02:33:01.562+0000] {logging_mixin.py:137} INFO - [2026-02-05T02:33:01.562+0000] {taskmixin.py:205} WARNING - Dependency <Task(PythonOperator): load_data>, preprocess_data already registered for DAG: iris_classification_pipeline
[2026-02-05T02:33:01.563+0000] {logging_mixin.py:137} INFO - [2026-02-05T02:33:01.563+0000] {taskmixin.py:205} WARNING - Dependency <Task(PythonOperator): preprocess_data>, load_data already registered for DAG: iris_classification_pipeline
[2026-02-05T02:33:01.563+0000] {logging_mixin.py:137} INFO - [2026-02-05T02:33:01.563+0000] {taskmixin.py:205} WARNING - Dependency <Task(PythonOperator): preprocess_data>, train_model already registered for DAG: iris_classification_pipeline
[2026-02-05T02:33:01.564+0000] {logging_mixin.py:137} INFO - [2026-02-05T02:33:01.564+0000] {taskmixin.py:205} WARNING - Dependency <Task(PythonOperator): train_model>, preprocess_data already registered for DAG: iris_classification_pipeline
[2026-02-05T02:33:01.564+0000] {logging_mixin.py:137} INFO - [2026-02-05T02:33:01.564+0000] {taskmixin.py:205} WARNING - Dependency <Task(PythonOperator): train_model>, evaluate_model already registered for DAG: iris_classification_pipeline
[2026-02-05T02:33:01.565+0000] {logging_mixin.py:137} INFO - [2026-02-05T02:33:01.564+0000] {taskmixin.py:205} WARNING - Dependency <Task(PythonOperator): evaluate_model>, train_model already registered for DAG: iris_classification_pipeline
[2026-02-05T02:33:01.567+0000] {processor.py:753} INFO - DAG(s) dict_keys(['iris_classification_pipeline']) retrieved from /opt/airflow/dags/iris_classification_dag.py
[2026-02-05T02:33:01.580+0000] {logging_mixin.py:137} INFO - [2026-02-05T02:33:01.579+0000] {dag.py:2690} INFO - Sync 1 DAGs
[2026-02-05T02:33:01.593+0000] {logging_mixin.py:137} INFO - [2026-02-05T02:33:01.593+0000] {dag.py:3441} INFO - Setting next_dagrun for iris_classification_pipeline to None, run_after=None
[2026-02-05T02:33:01.609+0000] {processor.py:175} INFO - Processing /opt/airflow/dags/iris_classification_dag.py took 0.455 seconds
[2026-02-05T02:33:31.917+0000] {processor.py:153} INFO - Started process (PID=1044) to work on /opt/airflow/dags/iris_classification_dag.py
[2026-02-05T02:33:31.919+0000] {processor.py:743} INFO - Processing file /opt/airflow/dags/iris_classification_dag.py for tasks to queue
[2026-02-05T02:33:31.920+0000] {logging_mixin.py:137} INFO - [2026-02-05T02:33:31.920+0000] {dagbag.py:538} INFO - Filling up the DagBag from /opt/airflow/dags/iris_classification_dag.py
[2026-02-05T02:33:32.411+0000] {logging_mixin.py:137} INFO - [2026-02-05T02:33:32.407+0000] {taskmixin.py:205} WARNING - Dependency <Task(PythonOperator): load_data>, preprocess_data already registered for DAG: iris_classification_pipeline
[2026-02-05T02:33:32.415+0000] {logging_mixin.py:137} INFO - [2026-02-05T02:33:32.414+0000] {taskmixin.py:205} WARNING - Dependency <Task(PythonOperator): preprocess_data>, load_data already registered for DAG: iris_classification_pipeline
[2026-02-05T02:33:32.415+0000] {logging_mixin.py:137} INFO - [2026-02-05T02:33:32.415+0000] {taskmixin.py:205} WARNING - Dependency <Task(PythonOperator): preprocess_data>, train_model already registered for DAG: iris_classification_pipeline
[2026-02-05T02:33:32.415+0000] {logging_mixin.py:137} INFO - [2026-02-05T02:33:32.415+0000] {taskmixin.py:205} WARNING - Dependency <Task(PythonOperator): train_model>, preprocess_data already registered for DAG: iris_classification_pipeline
[2026-02-05T02:33:32.415+0000] {logging_mixin.py:137} INFO - [2026-02-05T02:33:32.415+0000] {taskmixin.py:205} WARNING - Dependency <Task(PythonOperator): train_model>, evaluate_model already registered for DAG: iris_classification_pipeline
[2026-02-05T02:33:32.419+0000] {logging_mixin.py:137} INFO - [2026-02-05T02:33:32.419+0000] {taskmixin.py:205} WARNING - Dependency <Task(PythonOperator): evaluate_model>, train_model already registered for DAG: iris_classification_pipeline
[2026-02-05T02:33:32.422+0000] {processor.py:753} INFO - DAG(s) dict_keys(['iris_classification_pipeline']) retrieved from /opt/airflow/dags/iris_classification_dag.py
[2026-02-05T02:33:32.448+0000] {logging_mixin.py:137} INFO - [2026-02-05T02:33:32.448+0000] {dag.py:2690} INFO - Sync 1 DAGs
[2026-02-05T02:33:32.473+0000] {logging_mixin.py:137} INFO - [2026-02-05T02:33:32.473+0000] {dag.py:3441} INFO - Setting next_dagrun for iris_classification_pipeline to None, run_after=None
[2026-02-05T02:33:32.507+0000] {processor.py:175} INFO - Processing /opt/airflow/dags/iris_classification_dag.py took 0.594 seconds
[2026-02-05T02:34:02.721+0000] {processor.py:153} INFO - Started process (PID=1075) to work on /opt/airflow/dags/iris_classification_dag.py
[2026-02-05T02:34:02.723+0000] {processor.py:743} INFO - Processing file /opt/airflow/dags/iris_classification_dag.py for tasks to queue
[2026-02-05T02:34:02.723+0000] {logging_mixin.py:137} INFO - [2026-02-05T02:34:02.723+0000] {dagbag.py:538} INFO - Filling up the DagBag from /opt/airflow/dags/iris_classification_dag.py
[2026-02-05T02:34:03.166+0000] {logging_mixin.py:137} INFO - [2026-02-05T02:34:03.166+0000] {taskmixin.py:205} WARNING - Dependency <Task(PythonOperator): load_data>, preprocess_data already registered for DAG: iris_classification_pipeline
[2026-02-05T02:34:03.166+0000] {logging_mixin.py:137} INFO - [2026-02-05T02:34:03.166+0000] {taskmixin.py:205} WARNING - Dependency <Task(PythonOperator): preprocess_data>, load_data already registered for DAG: iris_classification_pipeline
[2026-02-05T02:34:03.167+0000] {logging_mixin.py:137} INFO - [2026-02-05T02:34:03.167+0000] {taskmixin.py:205} WARNING - Dependency <Task(PythonOperator): preprocess_data>, train_model already registered for DAG: iris_classification_pipeline
[2026-02-05T02:34:03.167+0000] {logging_mixin.py:137} INFO - [2026-02-05T02:34:03.167+0000] {taskmixin.py:205} WARNING - Dependency <Task(PythonOperator): train_model>, preprocess_data already registered for DAG: iris_classification_pipeline
[2026-02-05T02:34:03.168+0000] {logging_mixin.py:137} INFO - [2026-02-05T02:34:03.168+0000] {taskmixin.py:205} WARNING - Dependency <Task(PythonOperator): train_model>, evaluate_model already registered for DAG: iris_classification_pipeline
[2026-02-05T02:34:03.169+0000] {logging_mixin.py:137} INFO - [2026-02-05T02:34:03.168+0000] {taskmixin.py:205} WARNING - Dependency <Task(PythonOperator): evaluate_model>, train_model already registered for DAG: iris_classification_pipeline
[2026-02-05T02:34:03.171+0000] {processor.py:753} INFO - DAG(s) dict_keys(['iris_classification_pipeline']) retrieved from /opt/airflow/dags/iris_classification_dag.py
[2026-02-05T02:34:03.184+0000] {logging_mixin.py:137} INFO - [2026-02-05T02:34:03.184+0000] {dag.py:2690} INFO - Sync 1 DAGs
[2026-02-05T02:34:03.197+0000] {logging_mixin.py:137} INFO - [2026-02-05T02:34:03.196+0000] {dag.py:3441} INFO - Setting next_dagrun for iris_classification_pipeline to None, run_after=None
[2026-02-05T02:34:03.213+0000] {processor.py:175} INFO - Processing /opt/airflow/dags/iris_classification_dag.py took 0.494 seconds
[2026-02-05T02:34:33.521+0000] {processor.py:153} INFO - Started process (PID=1106) to work on /opt/airflow/dags/iris_classification_dag.py
[2026-02-05T02:34:33.522+0000] {processor.py:743} INFO - Processing file /opt/airflow/dags/iris_classification_dag.py for tasks to queue
[2026-02-05T02:34:33.522+0000] {logging_mixin.py:137} INFO - [2026-02-05T02:34:33.522+0000] {dagbag.py:538} INFO - Filling up the DagBag from /opt/airflow/dags/iris_classification_dag.py
[2026-02-05T02:34:33.932+0000] {logging_mixin.py:137} INFO - [2026-02-05T02:34:33.932+0000] {taskmixin.py:205} WARNING - Dependency <Task(PythonOperator): load_data>, preprocess_data already registered for DAG: iris_classification_pipeline
[2026-02-05T02:34:33.932+0000] {logging_mixin.py:137} INFO - [2026-02-05T02:34:33.932+0000] {taskmixin.py:205} WARNING - Dependency <Task(PythonOperator): preprocess_data>, load_data already registered for DAG: iris_classification_pipeline
[2026-02-05T02:34:33.933+0000] {logging_mixin.py:137} INFO - [2026-02-05T02:34:33.933+0000] {taskmixin.py:205} WARNING - Dependency <Task(PythonOperator): preprocess_data>, train_model already registered for DAG: iris_classification_pipeline
[2026-02-05T02:34:33.933+0000] {logging_mixin.py:137} INFO - [2026-02-05T02:34:33.933+0000] {taskmixin.py:205} WARNING - Dependency <Task(PythonOperator): train_model>, preprocess_data already registered for DAG: iris_classification_pipeline
[2026-02-05T02:34:33.934+0000] {logging_mixin.py:137} INFO - [2026-02-05T02:34:33.933+0000] {taskmixin.py:205} WARNING - Dependency <Task(PythonOperator): train_model>, evaluate_model already registered for DAG: iris_classification_pipeline
[2026-02-05T02:34:33.934+0000] {logging_mixin.py:137} INFO - [2026-02-05T02:34:33.934+0000] {taskmixin.py:205} WARNING - Dependency <Task(PythonOperator): evaluate_model>, train_model already registered for DAG: iris_classification_pipeline
[2026-02-05T02:34:33.937+0000] {processor.py:753} INFO - DAG(s) dict_keys(['iris_classification_pipeline']) retrieved from /opt/airflow/dags/iris_classification_dag.py
[2026-02-05T02:34:33.952+0000] {logging_mixin.py:137} INFO - [2026-02-05T02:34:33.952+0000] {dag.py:2690} INFO - Sync 1 DAGs
[2026-02-05T02:34:33.969+0000] {logging_mixin.py:137} INFO - [2026-02-05T02:34:33.969+0000] {dag.py:3441} INFO - Setting next_dagrun for iris_classification_pipeline to None, run_after=None
[2026-02-05T02:34:33.982+0000] {processor.py:175} INFO - Processing /opt/airflow/dags/iris_classification_dag.py took 0.464 seconds
[2026-02-05T02:35:04.290+0000] {processor.py:153} INFO - Started process (PID=1127) to work on /opt/airflow/dags/iris_classification_dag.py
[2026-02-05T02:35:04.292+0000] {processor.py:743} INFO - Processing file /opt/airflow/dags/iris_classification_dag.py for tasks to queue
[2026-02-05T02:35:04.294+0000] {logging_mixin.py:137} INFO - [2026-02-05T02:35:04.294+0000] {dagbag.py:538} INFO - Filling up the DagBag from /opt/airflow/dags/iris_classification_dag.py
[2026-02-05T02:35:04.785+0000] {logging_mixin.py:137} INFO - [2026-02-05T02:35:04.785+0000] {taskmixin.py:205} WARNING - Dependency <Task(PythonOperator): load_data>, preprocess_data already registered for DAG: iris_classification_pipeline
[2026-02-05T02:35:04.786+0000] {logging_mixin.py:137} INFO - [2026-02-05T02:35:04.785+0000] {taskmixin.py:205} WARNING - Dependency <Task(PythonOperator): preprocess_data>, load_data already registered for DAG: iris_classification_pipeline
[2026-02-05T02:35:04.786+0000] {logging_mixin.py:137} INFO - [2026-02-05T02:35:04.786+0000] {taskmixin.py:205} WARNING - Dependency <Task(PythonOperator): preprocess_data>, train_model already registered for DAG: iris_classification_pipeline
[2026-02-05T02:35:04.786+0000] {logging_mixin.py:137} INFO - [2026-02-05T02:35:04.786+0000] {taskmixin.py:205} WARNING - Dependency <Task(PythonOperator): train_model>, preprocess_data already registered for DAG: iris_classification_pipeline
[2026-02-05T02:35:04.787+0000] {logging_mixin.py:137} INFO - [2026-02-05T02:35:04.787+0000] {taskmixin.py:205} WARNING - Dependency <Task(PythonOperator): train_model>, evaluate_model already registered for DAG: iris_classification_pipeline
[2026-02-05T02:35:04.787+0000] {logging_mixin.py:137} INFO - [2026-02-05T02:35:04.787+0000] {taskmixin.py:205} WARNING - Dependency <Task(PythonOperator): evaluate_model>, train_model already registered for DAG: iris_classification_pipeline
[2026-02-05T02:35:04.790+0000] {processor.py:753} INFO - DAG(s) dict_keys(['iris_classification_pipeline']) retrieved from /opt/airflow/dags/iris_classification_dag.py
[2026-02-05T02:35:04.802+0000] {logging_mixin.py:137} INFO - [2026-02-05T02:35:04.801+0000] {dag.py:2690} INFO - Sync 1 DAGs
[2026-02-05T02:35:04.815+0000] {logging_mixin.py:137} INFO - [2026-02-05T02:35:04.815+0000] {dag.py:3441} INFO - Setting next_dagrun for iris_classification_pipeline to None, run_after=None
[2026-02-05T02:35:04.828+0000] {processor.py:175} INFO - Processing /opt/airflow/dags/iris_classification_dag.py took 0.545 seconds
[2026-02-05T02:35:35.079+0000] {processor.py:153} INFO - Started process (PID=1158) to work on /opt/airflow/dags/iris_classification_dag.py
[2026-02-05T02:35:35.081+0000] {processor.py:743} INFO - Processing file /opt/airflow/dags/iris_classification_dag.py for tasks to queue
[2026-02-05T02:35:35.081+0000] {logging_mixin.py:137} INFO - [2026-02-05T02:35:35.081+0000] {dagbag.py:538} INFO - Filling up the DagBag from /opt/airflow/dags/iris_classification_dag.py
[2026-02-05T02:35:35.550+0000] {logging_mixin.py:137} INFO - [2026-02-05T02:35:35.550+0000] {taskmixin.py:205} WARNING - Dependency <Task(PythonOperator): load_data>, preprocess_data already registered for DAG: iris_classification_pipeline
[2026-02-05T02:35:35.551+0000] {logging_mixin.py:137} INFO - [2026-02-05T02:35:35.551+0000] {taskmixin.py:205} WARNING - Dependency <Task(PythonOperator): preprocess_data>, load_data already registered for DAG: iris_classification_pipeline
[2026-02-05T02:35:35.551+0000] {logging_mixin.py:137} INFO - [2026-02-05T02:35:35.551+0000] {taskmixin.py:205} WARNING - Dependency <Task(PythonOperator): preprocess_data>, train_model already registered for DAG: iris_classification_pipeline
[2026-02-05T02:35:35.552+0000] {logging_mixin.py:137} INFO - [2026-02-05T02:35:35.552+0000] {taskmixin.py:205} WARNING - Dependency <Task(PythonOperator): train_model>, preprocess_data already registered for DAG: iris_classification_pipeline
[2026-02-05T02:35:35.553+0000] {logging_mixin.py:137} INFO - [2026-02-05T02:35:35.553+0000] {taskmixin.py:205} WARNING - Dependency <Task(PythonOperator): train_model>, evaluate_model already registered for DAG: iris_classification_pipeline
[2026-02-05T02:35:35.553+0000] {logging_mixin.py:137} INFO - [2026-02-05T02:35:35.553+0000] {taskmixin.py:205} WARNING - Dependency <Task(PythonOperator): evaluate_model>, train_model already registered for DAG: iris_classification_pipeline
[2026-02-05T02:35:35.556+0000] {processor.py:753} INFO - DAG(s) dict_keys(['iris_classification_pipeline']) retrieved from /opt/airflow/dags/iris_classification_dag.py
[2026-02-05T02:35:35.570+0000] {logging_mixin.py:137} INFO - [2026-02-05T02:35:35.570+0000] {dag.py:2690} INFO - Sync 1 DAGs
[2026-02-05T02:35:35.583+0000] {logging_mixin.py:137} INFO - [2026-02-05T02:35:35.583+0000] {dag.py:3441} INFO - Setting next_dagrun for iris_classification_pipeline to None, run_after=None
[2026-02-05T02:35:35.600+0000] {processor.py:175} INFO - Processing /opt/airflow/dags/iris_classification_dag.py took 0.524 seconds
[2026-02-05T02:36:05.900+0000] {processor.py:153} INFO - Started process (PID=1190) to work on /opt/airflow/dags/iris_classification_dag.py
[2026-02-05T02:36:05.900+0000] {processor.py:743} INFO - Processing file /opt/airflow/dags/iris_classification_dag.py for tasks to queue
[2026-02-05T02:36:05.901+0000] {logging_mixin.py:137} INFO - [2026-02-05T02:36:05.901+0000] {dagbag.py:538} INFO - Filling up the DagBag from /opt/airflow/dags/iris_classification_dag.py
[2026-02-05T02:36:06.414+0000] {logging_mixin.py:137} INFO - [2026-02-05T02:36:06.414+0000] {taskmixin.py:205} WARNING - Dependency <Task(PythonOperator): load_data>, preprocess_data already registered for DAG: iris_classification_pipeline
[2026-02-05T02:36:06.414+0000] {logging_mixin.py:137} INFO - [2026-02-05T02:36:06.414+0000] {taskmixin.py:205} WARNING - Dependency <Task(PythonOperator): preprocess_data>, load_data already registered for DAG: iris_classification_pipeline
[2026-02-05T02:36:06.415+0000] {logging_mixin.py:137} INFO - [2026-02-05T02:36:06.415+0000] {taskmixin.py:205} WARNING - Dependency <Task(PythonOperator): preprocess_data>, train_model already registered for DAG: iris_classification_pipeline
[2026-02-05T02:36:06.415+0000] {logging_mixin.py:137} INFO - [2026-02-05T02:36:06.415+0000] {taskmixin.py:205} WARNING - Dependency <Task(PythonOperator): train_model>, preprocess_data already registered for DAG: iris_classification_pipeline
[2026-02-05T02:36:06.415+0000] {logging_mixin.py:137} INFO - [2026-02-05T02:36:06.415+0000] {taskmixin.py:205} WARNING - Dependency <Task(PythonOperator): train_model>, evaluate_model already registered for DAG: iris_classification_pipeline
[2026-02-05T02:36:06.416+0000] {logging_mixin.py:137} INFO - [2026-02-05T02:36:06.416+0000] {taskmixin.py:205} WARNING - Dependency <Task(PythonOperator): evaluate_model>, train_model already registered for DAG: iris_classification_pipeline
[2026-02-05T02:36:06.419+0000] {processor.py:753} INFO - DAG(s) dict_keys(['iris_classification_pipeline']) retrieved from /opt/airflow/dags/iris_classification_dag.py
[2026-02-05T02:36:06.432+0000] {logging_mixin.py:137} INFO - [2026-02-05T02:36:06.432+0000] {dag.py:2690} INFO - Sync 1 DAGs
[2026-02-05T02:36:06.446+0000] {logging_mixin.py:137} INFO - [2026-02-05T02:36:06.446+0000] {dag.py:3441} INFO - Setting next_dagrun for iris_classification_pipeline to None, run_after=None
[2026-02-05T02:36:06.463+0000] {processor.py:175} INFO - Processing /opt/airflow/dags/iris_classification_dag.py took 0.566 seconds
[2026-02-05T02:36:36.677+0000] {processor.py:153} INFO - Started process (PID=1212) to work on /opt/airflow/dags/iris_classification_dag.py
[2026-02-05T02:36:36.680+0000] {processor.py:743} INFO - Processing file /opt/airflow/dags/iris_classification_dag.py for tasks to queue
[2026-02-05T02:36:36.683+0000] {logging_mixin.py:137} INFO - [2026-02-05T02:36:36.682+0000] {dagbag.py:538} INFO - Filling up the DagBag from /opt/airflow/dags/iris_classification_dag.py
[2026-02-05T02:36:37.168+0000] {logging_mixin.py:137} INFO - [2026-02-05T02:36:37.168+0000] {taskmixin.py:205} WARNING - Dependency <Task(PythonOperator): load_data>, preprocess_data already registered for DAG: iris_classification_pipeline
[2026-02-05T02:36:37.170+0000] {logging_mixin.py:137} INFO - [2026-02-05T02:36:37.170+0000] {taskmixin.py:205} WARNING - Dependency <Task(PythonOperator): preprocess_data>, load_data already registered for DAG: iris_classification_pipeline
[2026-02-05T02:36:37.171+0000] {logging_mixin.py:137} INFO - [2026-02-05T02:36:37.171+0000] {taskmixin.py:205} WARNING - Dependency <Task(PythonOperator): preprocess_data>, train_model already registered for DAG: iris_classification_pipeline
[2026-02-05T02:36:37.175+0000] {logging_mixin.py:137} INFO - [2026-02-05T02:36:37.175+0000] {taskmixin.py:205} WARNING - Dependency <Task(PythonOperator): train_model>, preprocess_data already registered for DAG: iris_classification_pipeline
[2026-02-05T02:36:37.175+0000] {logging_mixin.py:137} INFO - [2026-02-05T02:36:37.175+0000] {taskmixin.py:205} WARNING - Dependency <Task(PythonOperator): train_model>, evaluate_model already registered for DAG: iris_classification_pipeline
[2026-02-05T02:36:37.175+0000] {logging_mixin.py:137} INFO - [2026-02-05T02:36:37.175+0000] {taskmixin.py:205} WARNING - Dependency <Task(PythonOperator): evaluate_model>, train_model already registered for DAG: iris_classification_pipeline
[2026-02-05T02:36:37.177+0000] {processor.py:753} INFO - DAG(s) dict_keys(['iris_classification_pipeline']) retrieved from /opt/airflow/dags/iris_classification_dag.py
[2026-02-05T02:36:37.203+0000] {logging_mixin.py:137} INFO - [2026-02-05T02:36:37.202+0000] {dag.py:2690} INFO - Sync 1 DAGs
[2026-02-05T02:36:37.226+0000] {logging_mixin.py:137} INFO - [2026-02-05T02:36:37.226+0000] {dag.py:3441} INFO - Setting next_dagrun for iris_classification_pipeline to None, run_after=None
[2026-02-05T02:36:37.250+0000] {processor.py:175} INFO - Processing /opt/airflow/dags/iris_classification_dag.py took 0.583 seconds
[2026-02-05T02:37:07.613+0000] {processor.py:153} INFO - Started process (PID=1242) to work on /opt/airflow/dags/iris_classification_dag.py
[2026-02-05T02:37:07.615+0000] {processor.py:743} INFO - Processing file /opt/airflow/dags/iris_classification_dag.py for tasks to queue
[2026-02-05T02:37:07.617+0000] {logging_mixin.py:137} INFO - [2026-02-05T02:37:07.617+0000] {dagbag.py:538} INFO - Filling up the DagBag from /opt/airflow/dags/iris_classification_dag.py
[2026-02-05T02:37:08.085+0000] {logging_mixin.py:137} INFO - [2026-02-05T02:37:08.085+0000] {taskmixin.py:205} WARNING - Dependency <Task(PythonOperator): load_data>, preprocess_data already registered for DAG: iris_classification_pipeline
[2026-02-05T02:37:08.085+0000] {logging_mixin.py:137} INFO - [2026-02-05T02:37:08.085+0000] {taskmixin.py:205} WARNING - Dependency <Task(PythonOperator): preprocess_data>, load_data already registered for DAG: iris_classification_pipeline
[2026-02-05T02:37:08.086+0000] {logging_mixin.py:137} INFO - [2026-02-05T02:37:08.086+0000] {taskmixin.py:205} WARNING - Dependency <Task(PythonOperator): preprocess_data>, train_model already registered for DAG: iris_classification_pipeline
[2026-02-05T02:37:08.086+0000] {logging_mixin.py:137} INFO - [2026-02-05T02:37:08.086+0000] {taskmixin.py:205} WARNING - Dependency <Task(PythonOperator): train_model>, preprocess_data already registered for DAG: iris_classification_pipeline
[2026-02-05T02:37:08.086+0000] {logging_mixin.py:137} INFO - [2026-02-05T02:37:08.086+0000] {taskmixin.py:205} WARNING - Dependency <Task(PythonOperator): train_model>, evaluate_model already registered for DAG: iris_classification_pipeline
[2026-02-05T02:37:08.087+0000] {logging_mixin.py:137} INFO - [2026-02-05T02:37:08.087+0000] {taskmixin.py:205} WARNING - Dependency <Task(PythonOperator): evaluate_model>, train_model already registered for DAG: iris_classification_pipeline
[2026-02-05T02:37:08.089+0000] {processor.py:753} INFO - DAG(s) dict_keys(['iris_classification_pipeline']) retrieved from /opt/airflow/dags/iris_classification_dag.py
[2026-02-05T02:37:08.100+0000] {logging_mixin.py:137} INFO - [2026-02-05T02:37:08.100+0000] {dag.py:2690} INFO - Sync 1 DAGs
[2026-02-05T02:37:08.112+0000] {logging_mixin.py:137} INFO - [2026-02-05T02:37:08.112+0000] {dag.py:3441} INFO - Setting next_dagrun for iris_classification_pipeline to None, run_after=None
[2026-02-05T02:37:08.125+0000] {processor.py:175} INFO - Processing /opt/airflow/dags/iris_classification_dag.py took 0.521 seconds
[2026-02-05T02:37:38.355+0000] {processor.py:153} INFO - Started process (PID=1272) to work on /opt/airflow/dags/iris_classification_dag.py
[2026-02-05T02:37:38.361+0000] {processor.py:743} INFO - Processing file /opt/airflow/dags/iris_classification_dag.py for tasks to queue
[2026-02-05T02:37:38.369+0000] {logging_mixin.py:137} INFO - [2026-02-05T02:37:38.368+0000] {dagbag.py:538} INFO - Filling up the DagBag from /opt/airflow/dags/iris_classification_dag.py
[2026-02-05T02:37:39.098+0000] {logging_mixin.py:137} INFO - [2026-02-05T02:37:39.098+0000] {taskmixin.py:205} WARNING - Dependency <Task(PythonOperator): load_data>, preprocess_data already registered for DAG: iris_classification_pipeline
[2026-02-05T02:37:39.099+0000] {logging_mixin.py:137} INFO - [2026-02-05T02:37:39.099+0000] {taskmixin.py:205} WARNING - Dependency <Task(PythonOperator): preprocess_data>, load_data already registered for DAG: iris_classification_pipeline
[2026-02-05T02:37:39.099+0000] {logging_mixin.py:137} INFO - [2026-02-05T02:37:39.099+0000] {taskmixin.py:205} WARNING - Dependency <Task(PythonOperator): preprocess_data>, train_model already registered for DAG: iris_classification_pipeline
[2026-02-05T02:37:39.100+0000] {logging_mixin.py:137} INFO - [2026-02-05T02:37:39.099+0000] {taskmixin.py:205} WARNING - Dependency <Task(PythonOperator): train_model>, preprocess_data already registered for DAG: iris_classification_pipeline
[2026-02-05T02:37:39.100+0000] {logging_mixin.py:137} INFO - [2026-02-05T02:37:39.100+0000] {taskmixin.py:205} WARNING - Dependency <Task(PythonOperator): train_model>, evaluate_model already registered for DAG: iris_classification_pipeline
[2026-02-05T02:37:39.100+0000] {logging_mixin.py:137} INFO - [2026-02-05T02:37:39.100+0000] {taskmixin.py:205} WARNING - Dependency <Task(PythonOperator): evaluate_model>, train_model already registered for DAG: iris_classification_pipeline
[2026-02-05T02:37:39.103+0000] {processor.py:753} INFO - DAG(s) dict_keys(['iris_classification_pipeline']) retrieved from /opt/airflow/dags/iris_classification_dag.py
[2026-02-05T02:37:39.115+0000] {logging_mixin.py:137} INFO - [2026-02-05T02:37:39.115+0000] {dag.py:2690} INFO - Sync 1 DAGs
[2026-02-05T02:37:39.128+0000] {logging_mixin.py:137} INFO - [2026-02-05T02:37:39.127+0000] {dag.py:3441} INFO - Setting next_dagrun for iris_classification_pipeline to None, run_after=None
[2026-02-05T02:37:39.149+0000] {processor.py:175} INFO - Processing /opt/airflow/dags/iris_classification_dag.py took 0.805 seconds
[2026-02-05T02:38:09.523+0000] {processor.py:153} INFO - Started process (PID=1304) to work on /opt/airflow/dags/iris_classification_dag.py
[2026-02-05T02:38:09.526+0000] {processor.py:743} INFO - Processing file /opt/airflow/dags/iris_classification_dag.py for tasks to queue
[2026-02-05T02:38:09.528+0000] {logging_mixin.py:137} INFO - [2026-02-05T02:38:09.528+0000] {dagbag.py:538} INFO - Filling up the DagBag from /opt/airflow/dags/iris_classification_dag.py
[2026-02-05T02:38:10.061+0000] {logging_mixin.py:137} INFO - [2026-02-05T02:38:10.060+0000] {taskmixin.py:205} WARNING - Dependency <Task(PythonOperator): load_data>, preprocess_data already registered for DAG: iris_classification_pipeline
[2026-02-05T02:38:10.061+0000] {logging_mixin.py:137} INFO - [2026-02-05T02:38:10.061+0000] {taskmixin.py:205} WARNING - Dependency <Task(PythonOperator): preprocess_data>, load_data already registered for DAG: iris_classification_pipeline
[2026-02-05T02:38:10.062+0000] {logging_mixin.py:137} INFO - [2026-02-05T02:38:10.062+0000] {taskmixin.py:205} WARNING - Dependency <Task(PythonOperator): preprocess_data>, train_model already registered for DAG: iris_classification_pipeline
[2026-02-05T02:38:10.063+0000] {logging_mixin.py:137} INFO - [2026-02-05T02:38:10.063+0000] {taskmixin.py:205} WARNING - Dependency <Task(PythonOperator): train_model>, preprocess_data already registered for DAG: iris_classification_pipeline
[2026-02-05T02:38:10.063+0000] {logging_mixin.py:137} INFO - [2026-02-05T02:38:10.063+0000] {taskmixin.py:205} WARNING - Dependency <Task(PythonOperator): train_model>, evaluate_model already registered for DAG: iris_classification_pipeline
[2026-02-05T02:38:10.064+0000] {logging_mixin.py:137} INFO - [2026-02-05T02:38:10.064+0000] {taskmixin.py:205} WARNING - Dependency <Task(PythonOperator): evaluate_model>, train_model already registered for DAG: iris_classification_pipeline
[2026-02-05T02:38:10.067+0000] {processor.py:753} INFO - DAG(s) dict_keys(['iris_classification_pipeline']) retrieved from /opt/airflow/dags/iris_classification_dag.py
[2026-02-05T02:38:10.079+0000] {logging_mixin.py:137} INFO - [2026-02-05T02:38:10.079+0000] {dag.py:2690} INFO - Sync 1 DAGs
[2026-02-05T02:38:10.092+0000] {logging_mixin.py:137} INFO - [2026-02-05T02:38:10.092+0000] {dag.py:3441} INFO - Setting next_dagrun for iris_classification_pipeline to None, run_after=None
[2026-02-05T02:38:10.107+0000] {processor.py:175} INFO - Processing /opt/airflow/dags/iris_classification_dag.py took 0.594 seconds
[2026-02-05T02:38:40.483+0000] {processor.py:153} INFO - Started process (PID=1325) to work on /opt/airflow/dags/iris_classification_dag.py
[2026-02-05T02:38:40.486+0000] {processor.py:743} INFO - Processing file /opt/airflow/dags/iris_classification_dag.py for tasks to queue
[2026-02-05T02:38:40.487+0000] {logging_mixin.py:137} INFO - [2026-02-05T02:38:40.487+0000] {dagbag.py:538} INFO - Filling up the DagBag from /opt/airflow/dags/iris_classification_dag.py
[2026-02-05T02:38:40.964+0000] {logging_mixin.py:137} INFO - [2026-02-05T02:38:40.963+0000] {taskmixin.py:205} WARNING - Dependency <Task(PythonOperator): load_data>, preprocess_data already registered for DAG: iris_classification_pipeline
[2026-02-05T02:38:40.964+0000] {logging_mixin.py:137} INFO - [2026-02-05T02:38:40.964+0000] {taskmixin.py:205} WARNING - Dependency <Task(PythonOperator): preprocess_data>, load_data already registered for DAG: iris_classification_pipeline
[2026-02-05T02:38:40.965+0000] {logging_mixin.py:137} INFO - [2026-02-05T02:38:40.965+0000] {taskmixin.py:205} WARNING - Dependency <Task(PythonOperator): preprocess_data>, train_model already registered for DAG: iris_classification_pipeline
[2026-02-05T02:38:40.965+0000] {logging_mixin.py:137} INFO - [2026-02-05T02:38:40.965+0000] {taskmixin.py:205} WARNING - Dependency <Task(PythonOperator): train_model>, preprocess_data already registered for DAG: iris_classification_pipeline
[2026-02-05T02:38:40.966+0000] {logging_mixin.py:137} INFO - [2026-02-05T02:38:40.965+0000] {taskmixin.py:205} WARNING - Dependency <Task(PythonOperator): train_model>, evaluate_model already registered for DAG: iris_classification_pipeline
[2026-02-05T02:38:40.966+0000] {logging_mixin.py:137} INFO - [2026-02-05T02:38:40.966+0000] {taskmixin.py:205} WARNING - Dependency <Task(PythonOperator): evaluate_model>, train_model already registered for DAG: iris_classification_pipeline
[2026-02-05T02:38:40.969+0000] {processor.py:753} INFO - DAG(s) dict_keys(['iris_classification_pipeline']) retrieved from /opt/airflow/dags/iris_classification_dag.py
[2026-02-05T02:38:40.981+0000] {logging_mixin.py:137} INFO - [2026-02-05T02:38:40.981+0000] {dag.py:2690} INFO - Sync 1 DAGs
[2026-02-05T02:38:40.995+0000] {logging_mixin.py:137} INFO - [2026-02-05T02:38:40.995+0000] {dag.py:3441} INFO - Setting next_dagrun for iris_classification_pipeline to None, run_after=None
[2026-02-05T02:38:41.009+0000] {processor.py:175} INFO - Processing /opt/airflow/dags/iris_classification_dag.py took 0.535 seconds
[2026-02-05T02:39:11.350+0000] {processor.py:153} INFO - Started process (PID=1357) to work on /opt/airflow/dags/iris_classification_dag.py
[2026-02-05T02:39:11.352+0000] {processor.py:743} INFO - Processing file /opt/airflow/dags/iris_classification_dag.py for tasks to queue
[2026-02-05T02:39:11.353+0000] {logging_mixin.py:137} INFO - [2026-02-05T02:39:11.352+0000] {dagbag.py:538} INFO - Filling up the DagBag from /opt/airflow/dags/iris_classification_dag.py
[2026-02-05T02:39:11.834+0000] {logging_mixin.py:137} INFO - [2026-02-05T02:39:11.834+0000] {taskmixin.py:205} WARNING - Dependency <Task(PythonOperator): load_data>, preprocess_data already registered for DAG: iris_classification_pipeline
[2026-02-05T02:39:11.834+0000] {logging_mixin.py:137} INFO - [2026-02-05T02:39:11.834+0000] {taskmixin.py:205} WARNING - Dependency <Task(PythonOperator): preprocess_data>, load_data already registered for DAG: iris_classification_pipeline
[2026-02-05T02:39:11.835+0000] {logging_mixin.py:137} INFO - [2026-02-05T02:39:11.835+0000] {taskmixin.py:205} WARNING - Dependency <Task(PythonOperator): preprocess_data>, train_model already registered for DAG: iris_classification_pipeline
[2026-02-05T02:39:11.836+0000] {logging_mixin.py:137} INFO - [2026-02-05T02:39:11.835+0000] {taskmixin.py:205} WARNING - Dependency <Task(PythonOperator): train_model>, preprocess_data already registered for DAG: iris_classification_pipeline
[2026-02-05T02:39:11.836+0000] {logging_mixin.py:137} INFO - [2026-02-05T02:39:11.836+0000] {taskmixin.py:205} WARNING - Dependency <Task(PythonOperator): train_model>, evaluate_model already registered for DAG: iris_classification_pipeline
[2026-02-05T02:39:11.837+0000] {logging_mixin.py:137} INFO - [2026-02-05T02:39:11.837+0000] {taskmixin.py:205} WARNING - Dependency <Task(PythonOperator): evaluate_model>, train_model already registered for DAG: iris_classification_pipeline
[2026-02-05T02:39:11.839+0000] {processor.py:753} INFO - DAG(s) dict_keys(['iris_classification_pipeline']) retrieved from /opt/airflow/dags/iris_classification_dag.py
[2026-02-05T02:39:11.850+0000] {logging_mixin.py:137} INFO - [2026-02-05T02:39:11.850+0000] {dag.py:2690} INFO - Sync 1 DAGs
[2026-02-05T02:39:11.862+0000] {logging_mixin.py:137} INFO - [2026-02-05T02:39:11.862+0000] {dag.py:3441} INFO - Setting next_dagrun for iris_classification_pipeline to None, run_after=None
[2026-02-05T02:39:11.885+0000] {processor.py:175} INFO - Processing /opt/airflow/dags/iris_classification_dag.py took 0.539 seconds
[2026-02-05T02:39:42.192+0000] {processor.py:153} INFO - Started process (PID=1389) to work on /opt/airflow/dags/iris_classification_dag.py
[2026-02-05T02:39:42.193+0000] {processor.py:743} INFO - Processing file /opt/airflow/dags/iris_classification_dag.py for tasks to queue
[2026-02-05T02:39:42.194+0000] {logging_mixin.py:137} INFO - [2026-02-05T02:39:42.194+0000] {dagbag.py:538} INFO - Filling up the DagBag from /opt/airflow/dags/iris_classification_dag.py
[2026-02-05T02:39:42.626+0000] {logging_mixin.py:137} INFO - [2026-02-05T02:39:42.626+0000] {taskmixin.py:205} WARNING - Dependency <Task(PythonOperator): load_data>, preprocess_data already registered for DAG: iris_classification_pipeline
[2026-02-05T02:39:42.626+0000] {logging_mixin.py:137} INFO - [2026-02-05T02:39:42.626+0000] {taskmixin.py:205} WARNING - Dependency <Task(PythonOperator): preprocess_data>, load_data already registered for DAG: iris_classification_pipeline
[2026-02-05T02:39:42.627+0000] {logging_mixin.py:137} INFO - [2026-02-05T02:39:42.627+0000] {taskmixin.py:205} WARNING - Dependency <Task(PythonOperator): preprocess_data>, train_model already registered for DAG: iris_classification_pipeline
[2026-02-05T02:39:42.627+0000] {logging_mixin.py:137} INFO - [2026-02-05T02:39:42.627+0000] {taskmixin.py:205} WARNING - Dependency <Task(PythonOperator): train_model>, preprocess_data already registered for DAG: iris_classification_pipeline
[2026-02-05T02:39:42.627+0000] {logging_mixin.py:137} INFO - [2026-02-05T02:39:42.627+0000] {taskmixin.py:205} WARNING - Dependency <Task(PythonOperator): train_model>, evaluate_model already registered for DAG: iris_classification_pipeline
[2026-02-05T02:39:42.627+0000] {logging_mixin.py:137} INFO - [2026-02-05T02:39:42.627+0000] {taskmixin.py:205} WARNING - Dependency <Task(PythonOperator): evaluate_model>, train_model already registered for DAG: iris_classification_pipeline
[2026-02-05T02:39:42.630+0000] {processor.py:753} INFO - DAG(s) dict_keys(['iris_classification_pipeline']) retrieved from /opt/airflow/dags/iris_classification_dag.py
[2026-02-05T02:39:42.640+0000] {logging_mixin.py:137} INFO - [2026-02-05T02:39:42.640+0000] {dag.py:2690} INFO - Sync 1 DAGs
[2026-02-05T02:39:42.653+0000] {logging_mixin.py:137} INFO - [2026-02-05T02:39:42.653+0000] {dag.py:3441} INFO - Setting next_dagrun for iris_classification_pipeline to None, run_after=None
[2026-02-05T02:39:42.676+0000] {processor.py:175} INFO - Processing /opt/airflow/dags/iris_classification_dag.py took 0.486 seconds
[2026-02-05T02:40:13.083+0000] {processor.py:153} INFO - Started process (PID=1420) to work on /opt/airflow/dags/iris_classification_dag.py
[2026-02-05T02:40:13.092+0000] {processor.py:743} INFO - Processing file /opt/airflow/dags/iris_classification_dag.py for tasks to queue
[2026-02-05T02:40:13.093+0000] {logging_mixin.py:137} INFO - [2026-02-05T02:40:13.093+0000] {dagbag.py:538} INFO - Filling up the DagBag from /opt/airflow/dags/iris_classification_dag.py
[2026-02-05T02:40:13.513+0000] {logging_mixin.py:137} INFO - [2026-02-05T02:40:13.513+0000] {taskmixin.py:205} WARNING - Dependency <Task(PythonOperator): load_data>, preprocess_data already registered for DAG: iris_classification_pipeline
[2026-02-05T02:40:13.514+0000] {logging_mixin.py:137} INFO - [2026-02-05T02:40:13.514+0000] {taskmixin.py:205} WARNING - Dependency <Task(PythonOperator): preprocess_data>, load_data already registered for DAG: iris_classification_pipeline
[2026-02-05T02:40:13.514+0000] {logging_mixin.py:137} INFO - [2026-02-05T02:40:13.514+0000] {taskmixin.py:205} WARNING - Dependency <Task(PythonOperator): preprocess_data>, train_model already registered for DAG: iris_classification_pipeline
[2026-02-05T02:40:13.515+0000] {logging_mixin.py:137} INFO - [2026-02-05T02:40:13.515+0000] {taskmixin.py:205} WARNING - Dependency <Task(PythonOperator): train_model>, preprocess_data already registered for DAG: iris_classification_pipeline
[2026-02-05T02:40:13.515+0000] {logging_mixin.py:137} INFO - [2026-02-05T02:40:13.515+0000] {taskmixin.py:205} WARNING - Dependency <Task(PythonOperator): train_model>, evaluate_model already registered for DAG: iris_classification_pipeline
[2026-02-05T02:40:13.515+0000] {logging_mixin.py:137} INFO - [2026-02-05T02:40:13.515+0000] {taskmixin.py:205} WARNING - Dependency <Task(PythonOperator): evaluate_model>, train_model already registered for DAG: iris_classification_pipeline
[2026-02-05T02:40:13.518+0000] {processor.py:753} INFO - DAG(s) dict_keys(['iris_classification_pipeline']) retrieved from /opt/airflow/dags/iris_classification_dag.py
[2026-02-05T02:40:13.529+0000] {logging_mixin.py:137} INFO - [2026-02-05T02:40:13.529+0000] {dag.py:2690} INFO - Sync 1 DAGs
[2026-02-05T02:40:13.541+0000] {logging_mixin.py:137} INFO - [2026-02-05T02:40:13.541+0000] {dag.py:3441} INFO - Setting next_dagrun for iris_classification_pipeline to None, run_after=None
[2026-02-05T02:40:13.555+0000] {processor.py:175} INFO - Processing /opt/airflow/dags/iris_classification_dag.py took 0.474 seconds
[2026-02-05T02:40:43.856+0000] {processor.py:153} INFO - Started process (PID=1443) to work on /opt/airflow/dags/iris_classification_dag.py
[2026-02-05T02:40:43.857+0000] {processor.py:743} INFO - Processing file /opt/airflow/dags/iris_classification_dag.py for tasks to queue
[2026-02-05T02:40:43.858+0000] {logging_mixin.py:137} INFO - [2026-02-05T02:40:43.858+0000] {dagbag.py:538} INFO - Filling up the DagBag from /opt/airflow/dags/iris_classification_dag.py
[2026-02-05T02:40:44.302+0000] {logging_mixin.py:137} INFO - [2026-02-05T02:40:44.302+0000] {taskmixin.py:205} WARNING - Dependency <Task(PythonOperator): load_data>, preprocess_data already registered for DAG: iris_classification_pipeline
[2026-02-05T02:40:44.303+0000] {logging_mixin.py:137} INFO - [2026-02-05T02:40:44.303+0000] {taskmixin.py:205} WARNING - Dependency <Task(PythonOperator): preprocess_data>, load_data already registered for DAG: iris_classification_pipeline
[2026-02-05T02:40:44.304+0000] {logging_mixin.py:137} INFO - [2026-02-05T02:40:44.304+0000] {taskmixin.py:205} WARNING - Dependency <Task(PythonOperator): preprocess_data>, train_model already registered for DAG: iris_classification_pipeline
[2026-02-05T02:40:44.304+0000] {logging_mixin.py:137} INFO - [2026-02-05T02:40:44.304+0000] {taskmixin.py:205} WARNING - Dependency <Task(PythonOperator): train_model>, preprocess_data already registered for DAG: iris_classification_pipeline
[2026-02-05T02:40:44.304+0000] {logging_mixin.py:137} INFO - [2026-02-05T02:40:44.304+0000] {taskmixin.py:205} WARNING - Dependency <Task(PythonOperator): train_model>, evaluate_model already registered for DAG: iris_classification_pipeline
[2026-02-05T02:40:44.305+0000] {logging_mixin.py:137} INFO - [2026-02-05T02:40:44.305+0000] {taskmixin.py:205} WARNING - Dependency <Task(PythonOperator): evaluate_model>, train_model already registered for DAG: iris_classification_pipeline
[2026-02-05T02:40:44.308+0000] {processor.py:753} INFO - DAG(s) dict_keys(['iris_classification_pipeline']) retrieved from /opt/airflow/dags/iris_classification_dag.py
[2026-02-05T02:40:44.320+0000] {logging_mixin.py:137} INFO - [2026-02-05T02:40:44.320+0000] {dag.py:2690} INFO - Sync 1 DAGs
[2026-02-05T02:40:44.331+0000] {logging_mixin.py:137} INFO - [2026-02-05T02:40:44.331+0000] {dag.py:3441} INFO - Setting next_dagrun for iris_classification_pipeline to None, run_after=None
[2026-02-05T02:40:44.358+0000] {processor.py:175} INFO - Processing /opt/airflow/dags/iris_classification_dag.py took 0.504 seconds
[2026-02-05T02:41:14.709+0000] {processor.py:153} INFO - Started process (PID=1475) to work on /opt/airflow/dags/iris_classification_dag.py
[2026-02-05T02:41:14.711+0000] {processor.py:743} INFO - Processing file /opt/airflow/dags/iris_classification_dag.py for tasks to queue
[2026-02-05T02:41:14.713+0000] {logging_mixin.py:137} INFO - [2026-02-05T02:41:14.712+0000] {dagbag.py:538} INFO - Filling up the DagBag from /opt/airflow/dags/iris_classification_dag.py
[2026-02-05T02:41:15.154+0000] {logging_mixin.py:137} INFO - [2026-02-05T02:41:15.154+0000] {taskmixin.py:205} WARNING - Dependency <Task(PythonOperator): load_data>, preprocess_data already registered for DAG: iris_classification_pipeline
[2026-02-05T02:41:15.155+0000] {logging_mixin.py:137} INFO - [2026-02-05T02:41:15.155+0000] {taskmixin.py:205} WARNING - Dependency <Task(PythonOperator): preprocess_data>, load_data already registered for DAG: iris_classification_pipeline
[2026-02-05T02:41:15.155+0000] {logging_mixin.py:137} INFO - [2026-02-05T02:41:15.155+0000] {taskmixin.py:205} WARNING - Dependency <Task(PythonOperator): preprocess_data>, train_model already registered for DAG: iris_classification_pipeline
[2026-02-05T02:41:15.156+0000] {logging_mixin.py:137} INFO - [2026-02-05T02:41:15.156+0000] {taskmixin.py:205} WARNING - Dependency <Task(PythonOperator): train_model>, preprocess_data already registered for DAG: iris_classification_pipeline
[2026-02-05T02:41:15.156+0000] {logging_mixin.py:137} INFO - [2026-02-05T02:41:15.156+0000] {taskmixin.py:205} WARNING - Dependency <Task(PythonOperator): train_model>, evaluate_model already registered for DAG: iris_classification_pipeline
[2026-02-05T02:41:15.156+0000] {logging_mixin.py:137} INFO - [2026-02-05T02:41:15.156+0000] {taskmixin.py:205} WARNING - Dependency <Task(PythonOperator): evaluate_model>, train_model already registered for DAG: iris_classification_pipeline
[2026-02-05T02:41:15.160+0000] {processor.py:753} INFO - DAG(s) dict_keys(['iris_classification_pipeline']) retrieved from /opt/airflow/dags/iris_classification_dag.py
[2026-02-05T02:41:15.171+0000] {logging_mixin.py:137} INFO - [2026-02-05T02:41:15.171+0000] {dag.py:2690} INFO - Sync 1 DAGs
[2026-02-05T02:41:15.185+0000] {logging_mixin.py:137} INFO - [2026-02-05T02:41:15.185+0000] {dag.py:3441} INFO - Setting next_dagrun for iris_classification_pipeline to None, run_after=None
[2026-02-05T02:41:15.197+0000] {processor.py:175} INFO - Processing /opt/airflow/dags/iris_classification_dag.py took 0.496 seconds
